Log file open, 12/08/16 14:42:48
LogInit:Display: Running engine for game: proyecto2
LogPlatformFile: Not using cached read wrapper
LogInit:Display: RandInit(749434315) SRandInit(749434316).
LogTaskGraph: Started task graph with 4 named threads and 7 total threads with 1 sets of task threads.
LogStats: Stats thread started at 0.076458
LogInit: Version: 4.12.5-3039270+++UE4+Release-4.12
LogInit: API Version: 2992821
LogInit: Net Version: 3039270
LogDevObjectVersion: Number of dev versions registered: 13
LogDevObjectVersion:   Dev-Blueprints (B0D832E4-1F89-4F0D-ACCF-7EB736FD4AA2): 3
LogDevObjectVersion:   Dev-Build (E1C64328-A22C-4D53-A36C-8E866417BD8C): 0
LogDevObjectVersion:   Dev-Core (375EC13C-06E4-48FB-B500-84F0262A717E): 1
LogDevObjectVersion:   Dev-Editor (E4B068ED-F494-42E9-A231-DA0B2E46BB41): 2
LogDevObjectVersion:   Dev-Framework (CFFC743F-43B0-4480-9391-14DF171D2073): 6
LogDevObjectVersion:   Dev-Mobile (B02B49B5-BB20-44E9-A304-32B752E40360): 0
LogDevObjectVersion:   Dev-Networking (A4E4105C-59A1-49B5-A7C5-40C4547EDFEE): 0
LogDevObjectVersion:   Dev-Online (39C831C9-5AE6-47DC-9A44-9C173E1C8E7C): 0
LogDevObjectVersion:   Dev-Physics (78F01B33-EBEA-4F98-B9B4-84EACCB95AA2): 0
LogDevObjectVersion:   Dev-Platform (6631380F-2D4D-43E0-8009-CF276956A95A): 0
LogDevObjectVersion:   Dev-Rendering (12F88B9F-8875-4AFC-A67C-D90C383ABD29): 2
LogDevObjectVersion:   Dev-Sequencer (7B5AE74C-D270-4C10-A958-57980B212A5A): 0
LogDevObjectVersion:   Dev-VR (D7296918-1DD6-4BDD-9DE2-64A83CC13884): 0
LogInit: Compiled (64-bit): Jul  6 2016 09:09:46
LogInit: Compiled with Visual C++: 19.00.23026.00
LogInit: Build Configuration: Development
LogInit: Branch Name: ++UE4+Release-4.12
LogInit: Command line:  
LogInit: Base directory: C:/Program Files (x86)/Epic Games/4.12/Engine/Binaries/Win64/
LogInit: Installed Engine Build: 1
LogInit: Using libcurl 7.41.0
LogInit:  - built for x86_64-pc-win32
LogInit:  - supports SSL with WinSSL
LogInit:  - other features:
LogInit:      CURL_VERSION_SSL
LogInit:      CURL_VERSION_IPV6
LogInit:      CURL_VERSION_ASYNCHDNS
LogInit:      CURL_VERSION_LARGEFILE
LogInit:      CURL_VERSION_IDN
LogInit:  CurlRequestOptions (configurable via config and command line):
LogInit:  - bVerifyPeer = true  - Libcurl will verify peer certificate
LogInit:  - bUseHttpProxy = false  - Libcurl will NOT use HTTP proxy
LogInit:  - bDontReuseConnections = false  - Libcurl will reuse connections
LogInit:  - CertBundlePath = nullptr  - Libcurl will use whatever was configured at build time.
LogInit: Presizing for max 8388607 objects, including 0 objects not considered by GC, pre-allocating 0 bytes for permanent pool.
LogInit: Object subsystem initialized
[2016.12.08-19.42.48:746][  0]LogInit: Selected Device Profile: [Windows]
[2016.12.08-19.42.48:746][  0]LogInit: Applying CVar settings loaded from the selected device profile: [Windows]
[2016.12.08-19.42.48:769][  0]LogInit: Computer: MS204-PC403
[2016.12.08-19.42.48:769][  0]LogInit: User: Estudiante
[2016.12.08-19.42.48:769][  0]LogInit: CPU Page size=65536, Cores=4
[2016.12.08-19.42.48:769][  0]LogInit: High frequency timer resolution =3.320342 MHz
[2016.12.08-19.42.48:770][  0]LogMemory: Memory total: Physical=11.9GB (12GB approx)
[2016.12.08-19.42.48:770][  0]LogMemory: Platform Memory Stats for Windows
[2016.12.08-19.42.48:770][  0]LogMemory: Process Physical Memory: 190.64 MB used, 190.64 MB peak
[2016.12.08-19.42.48:770][  0]LogMemory: Process Virtual Memory: 195.09 MB used, 195.09 MB peak
[2016.12.08-19.42.48:770][  0]LogMemory: Physical Memory: 3612.16 MB used, 12173.45 MB total
[2016.12.08-19.42.48:770][  0]LogMemory: Virtual Memory: 554.69 MB used, 134217728.00 MB total
[2016.12.08-19.42.49:193][  0]LogD3D11RHI: D3D11 adapters:
[2016.12.08-19.42.49:197][  0]LogD3D11RHI:    0. 'Intel(R) HD Graphics 4000' (Feature Level 11_0)
[2016.12.08-19.42.49:197][  0]LogD3D11RHI:       32/0/1760 MB DedicatedVideo/DedicatedSystem/SharedSystem, Outputs:1, VendorId:0x8086
[2016.12.08-19.42.49:198][  0]LogD3D11RHI:    1. 'Microsoft Basic Render Driver' (Feature Level 11_0)
[2016.12.08-19.42.49:198][  0]LogD3D11RHI:       0/0/6086 MB DedicatedVideo/DedicatedSystem/SharedSystem, Outputs:0, VendorId:0x1414
[2016.12.08-19.42.49:198][  0]LogD3D11RHI: Chosen D3D11 Adapter: 0
[2016.12.08-19.42.49:202][  0]LogD3D11RHI: Creating new Direct3DDevice
[2016.12.08-19.42.49:202][  0]LogD3D11RHI:     GPU DeviceId: 0x162 (for the marketing name, search the web for "GPU Device Id")
[2016.12.08-19.42.49:202][  0]LogWindows: EnumDisplayDevices:
[2016.12.08-19.42.49:202][  0]LogWindows:    0. 'Intel(R) HD Graphics 4000' (P:1 D:1)
[2016.12.08-19.42.49:202][  0]LogWindows:    1. 'Intel(R) HD Graphics 4000' (P:0 D:0)
[2016.12.08-19.42.49:202][  0]LogWindows: DebugString: FoundDriverCount:2 
[2016.12.08-19.42.49:202][  0]LogD3D11RHI:     Adapter Name: Intel(R) HD Graphics 4000
[2016.12.08-19.42.49:202][  0]LogD3D11RHI:   Driver Version: 10.18.10.4358 (internal:10.18.10.4358, unified:10.18.10.4358)
[2016.12.08-19.42.49:202][  0]LogD3D11RHI:      Driver Date: 12-21-2015
[2016.12.08-19.42.49:202][  0]LogRHI: Texture pool is 638 MB (70% of 912 MB)
[2016.12.08-19.42.49:205][  0]LogD3D11RHI: Async texture creation enabled
[2016.12.08-19.42.49:210][  0]LogD3D11RHI: GPU Timing Frequency: 12.500000 (Debug: 2 0)
[2016.12.08-19.42.49:210][  0]LogShaderCompilers: Guid format shader working directory is -21 characters bigger than the processId version (../../../../../../Users/Estudiante/Documents/Unreal Projects/proyecto2/Intermediate/Shaders/WorkingDirectory/3164/).
[2016.12.08-19.42.49:211][  0]LogShaderCompilers: Cleaned the shader compiler working directory 'C:/Users/ESTUDI~1/AppData/Local/Temp/UnrealShaderWorkingDir/45E5844F426262FDCE1E50A2DC179AFA/'.
[2016.12.08-19.42.49:211][  0]LogShaderCompilers:Display: Using Local Shader Compiler.
[2016.12.08-19.42.50:975][  0]LogTemp:Display: Loaded TP AllDesktopTargetPlatform
[2016.12.08-19.42.50:985][  0]LogTemp:Display: Loaded TP WindowsClientTargetPlatform
[2016.12.08-19.42.50:995][  0]LogTemp:Display: Loaded TP WindowsNoEditorTargetPlatform
[2016.12.08-19.42.51:005][  0]LogTemp:Display: Loaded TP WindowsServerTargetPlatform
[2016.12.08-19.42.51:015][  0]LogTemp:Display: Loaded TP WindowsTargetPlatform
[2016.12.08-19.42.51:023][  0]LogTemp:Display: Loaded TP AndroidTargetPlatform
[2016.12.08-19.42.51:032][  0]LogTemp:Display: Loaded TP Android_ASTCTargetPlatform
[2016.12.08-19.42.51:040][  0]LogTemp:Display: Loaded TP Android_ATCTargetPlatform
[2016.12.08-19.42.51:048][  0]LogTemp:Display: Loaded TP Android_DXTTargetPlatform
[2016.12.08-19.42.51:057][  0]LogTemp:Display: Loaded TP Android_ETC1TargetPlatform
[2016.12.08-19.42.51:065][  0]LogTemp:Display: Loaded TP Android_ETC2TargetPlatform
[2016.12.08-19.42.51:082][  0]LogTemp:Display: Loaded TP Android_MultiTargetPlatform
[2016.12.08-19.42.51:082][  0]LogTemp:Display: Loaded TP Android_PVRTCTargetPlatform
[2016.12.08-19.42.51:083][  0]LogTemp:Display: Loaded TP HTML5TargetPlatform
[2016.12.08-19.42.51:106][  0]LogTemp:Display: Loaded TP IOSTargetPlatform
[2016.12.08-19.42.51:114][  0]LogTemp:Display: Loaded TP TVOSTargetPlatform
[2016.12.08-19.42.51:122][  0]LogTemp:Display: Loaded TP LinuxNoEditorTargetPlatform
[2016.12.08-19.42.51:130][  0]LogTemp:Display: Loaded TP LinuxServerTargetPlatform
[2016.12.08-19.42.51:139][  0]LogTemp:Display: Loaded TP LinuxTargetPlatform
[2016.12.08-19.42.51:139][  0]LogTargetPlatformManager:Display: Building Assets For Windows
[2016.12.08-19.42.51:219][  0]LogDerivedDataCache:Display: Max Cache Size: 512 MB
[2016.12.08-19.42.51:682][  0]LogDerivedDataCache: Loaded boot cache 0.46s 48MB C:/Users/Estudiante/AppData/Local/UnrealEngine/4.12/DerivedDataCache/Boot.ddc.
[2016.12.08-19.42.51:683][  0]LogDerivedDataCache:Display: Loaded Boot cache: C:/Users/Estudiante/AppData/Local/UnrealEngine/4.12/DerivedDataCache/Boot.ddc
[2016.12.08-19.42.51:683][  0]LogDerivedDataCache: FDerivedDataBackendGraph:  Pak pak cache file ../../../../../../Users/Estudiante/Documents/Unreal Projects/proyecto2/DerivedDataCache/DDC.ddp not found, will not use a pak cache.
[2016.12.08-19.42.51:683][  0]LogDerivedDataCache: Unable to find inner node Pak for hierarchical cache Hierarchy.
[2016.12.08-19.42.51:683][  0]LogDerivedDataCache: FDerivedDataBackendGraph:  CompressedPak pak cache file ../../../../../../Users/Estudiante/Documents/Unreal Projects/proyecto2/DerivedDataCache/Compressed.ddp not found, will not use a pak cache.
[2016.12.08-19.42.51:683][  0]LogDerivedDataCache: Unable to find inner node CompressedPak for hierarchical cache Hierarchy.
[2016.12.08-19.42.51:727][  0]LogDerivedDataCache:Display: Pak cache opened for reading ../../../Engine/DerivedDataCache/Compressed.ddp.
[2016.12.08-19.42.51:739][  0]LogDerivedDataCache: Using Local data cache path C:/Users/Estudiante/AppData/Local/UnrealEngine/Common/DerivedDataCache: Writable
[2016.12.08-19.42.55:025][  0]LogInit: Selected Device Profile: [Windows]
[2016.12.08-19.42.55:084][  0]LogContentStreaming: Texture pool size is 0.00 MB
[2016.12.08-19.42.56:169][  0]LogMeshUtilities: No automatic mesh reduction module available
[2016.12.08-19.42.56:169][  0]LogMeshUtilities: No automatic mesh merging module available
[2016.12.08-19.42.56:169][  0]LogMeshUtilities: No distributed automatic mesh merging module available
[2016.12.08-19.42.58:600][  0]LogAssetRegistry: FAssetRegistry took 0.0224 seconds to start up
[2016.12.08-19.42.58:615][  0]LogPackageLocalizationCache: Processed 3 localized package path(s) for 1 prioritized culture(s) in 0.012760 seconds
[2016.12.08-19.42.58:621][  0]LogUObjectArray: 28739 objects as part of root set at end of initial load.
[2016.12.08-19.42.58:621][  0]LogUObjectAllocator: 5855632 out of 0 bytes used by permanent object pool.
[2016.12.08-19.42.58:621][  0]LogUObjectArray: CloseDisregardForGC: 0/0 objects in disregard for GC pool
[2016.12.08-19.42.58:628][  0]LogInit: WinSock: version 1.1 (2.2), MaxSocks=32767, MaxUdp=65467
[2016.12.08-19.42.59:848][  0]LogSlate: SlateFontCache - WITH_FREETYPE: 1, WITH_HARFBUZZ: 1
[2016.12.08-19.42.59:848][  0]LogSlate: SlateFontCache - WITH_FREETYPE: 1, WITH_HARFBUZZ: 1
[2016.12.08-19.43.13:632][  0]LogUdpMessaging: Initializing bridge on interface 0.0.0.0:0 to multicast group 230.0.0.1:6666.
[2016.12.08-19.43.14:250][  0]SourceControl: Info Source control is disabled
[2016.12.08-19.43.14:578][  0]SourceControl: Info Source control is disabled
[2016.12.08-19.43.14:590][  0]SourceControl: Info Source control is disabled
[2016.12.08-19.43.14:600][  0]SourceControl: Info Source control is disabled
[2016.12.08-19.43.15:115][  0]LogEngine: Initializing Engine...
[2016.12.08-19.43.15:116][  0]LogHMD: SteamVR failed to initialize.  Err: 110
[2016.12.08-19.43.15:117][  0]LogHMD: SteamVR failed to initialize.  Err: 110
[2016.12.08-19.43.15:716][  0]LogAIModule: Creating AISystem for world NewWorld
[2016.12.08-19.43.15:722][  0]LogInit: No audio devices found!
[2016.12.08-19.43.15:753][  0]LogDerivedDataCache: Saved boot cache 0.03s 48MB C:/Users/Estudiante/AppData/Local/UnrealEngine/4.12/DerivedDataCache/Boot.ddc.
[2016.12.08-19.43.15:759][  0]LogInit: Texture streaming: Enabled
[2016.12.08-19.43.15:793][  0]LogWindowsTextInputMethodSystem:Display: IME system now deactivated.
[2016.12.08-19.43.15:842][  0]LogInit: Transaction tracking system initialized
[2016.12.08-19.43.15:882][  0]BlueprintLog: New page: Editor Load
[2016.12.08-19.43.18:089][  0]LocalizationService: Info Localization service is disabled
[2016.12.08-19.43.18:803][  0]LogConsoleResponse:Display: 
[2016.12.08-19.43.21:671][  0]LogCook:Display: Max memory allowance for cook 8192mb
[2016.12.08-19.43.21:671][  0]LogCook:Display: Mobile HDR setting 1
[2016.12.08-19.43.22:337][  0]LogFileCache: Scanning file cache for directory 'C:/Users/Estudiante/Documents/Unreal Projects/proyecto2/Content/' took 0.02s
[2016.12.08-19.43.22:342][  0]SourceControl: Info Source control is disabled
[2016.12.08-19.43.22:343][  0]Cmd: MAP LOAD FILE="../../../../../../Users/Estudiante/Documents/Unreal Projects/proyecto2/Content/ThirdPersonBP/Maps/ThirdPersonExampleMap.umap" TEMPLATE=0 SHOWPROGRESS=1 FEATURELEVEL=3
[2016.12.08-19.43.22:376][  0]LightingResults: New page: Lighting Build
[2016.12.08-19.43.22:379][  0]MapCheck: New page: Map Check
[2016.12.08-19.43.22:379][  0]LightingResults: New page: Lighting Build
[2016.12.08-19.43.22:928][  0]LogBlueprint:Warning: Node '/Game/MixamoAnimPack/MixamoCharacter_Master.MixamoCharacter_Master:EdGraph_0.K2Node_FunctionEntry_19' missing NodeGuid because of upgrade from old package version, this can cause deterministic cooking issues please resave package.
[2016.12.08-19.43.22:941][  0]LogBlueprint:Warning: Node '/Game/MixamoAnimPack/MixamoCharacter_Master.MixamoCharacter_Master:EdGraph_1.K2Node_FunctionEntry_19' missing NodeGuid because of upgrade from old package version, this can cause deterministic cooking issues please resave package.
[2016.12.08-19.43.22:955][  0]LogBlueprint:Warning: Node '/Game/MixamoAnimPack/MixamoCharacter_Master.MixamoCharacter_Master:EdGraph_2.K2Node_FunctionEntry_19' missing NodeGuid because of upgrade from old package version, this can cause deterministic cooking issues please resave package.
[2016.12.08-19.43.23:061][  0]LogBlueprint:Warning: Node '/Game/MixamoAnimPack/Mixamo_Heraklios/Anims/MixamoAnimBP_Heraklios.MixamoAnimBP_Heraklios:EdGraph_0.K2Node_CommutativeAssociativeBinaryOperator_2253' missing NodeGuid because of upgrade from old package version, this can cause deterministic cooking issues please resave package.
[2016.12.08-19.43.23:061][  0]LogBlueprint:Warning: Node '/Game/MixamoAnimPack/Mixamo_Heraklios/Anims/MixamoAnimBP_Heraklios.MixamoAnimBP_Heraklios:EdGraph_0.K2Node_CallFunction_102548' missing NodeGuid because of upgrade from old package version, this can cause deterministic cooking issues please resave package.
[2016.12.08-19.43.23:061][  0]LogBlueprint:Warning: Node '/Game/MixamoAnimPack/Mixamo_Heraklios/Anims/MixamoAnimBP_Heraklios.MixamoAnimBP_Heraklios:EdGraph_0.K2Node_VariableGet_2488' missing NodeGuid because of upgrade from old package version, this can cause deterministic cooking issues please resave package.
[2016.12.08-19.43.23:061][  0]LogBlueprint:Warning: Node '/Game/MixamoAnimPack/Mixamo_Heraklios/Anims/MixamoAnimBP_Heraklios.MixamoAnimBP_Heraklios:EdGraph_0.K2Node_FunctionResult_0' missing NodeGuid because of upgrade from old package version, this can cause deterministic cooking issues please resave package.
[2016.12.08-19.43.23:061][  0]LogBlueprint:Warning: Node '/Game/MixamoAnimPack/Mixamo_Heraklios/Anims/MixamoAnimBP_Heraklios.MixamoAnimBP_Heraklios:EdGraph_0.K2Node_FunctionEntry_139' missing NodeGuid because of upgrade from old package version, this can cause deterministic cooking issues please resave package.
[2016.12.08-19.43.23:083][  0]LogBlueprint:Warning: Node '/Game/MixamoAnimPack/Mixamo_Heraklios/Anims/MixamoAnimBP_Heraklios.MixamoAnimBP_Heraklios:EdGraph_1.K2Node_CommutativeAssociativeBinaryOperator_2253' missing NodeGuid because of upgrade from old package version, this can cause deterministic cooking issues please resave package.
[2016.12.08-19.43.23:083][  0]LogBlueprint:Warning: Node '/Game/MixamoAnimPack/Mixamo_Heraklios/Anims/MixamoAnimBP_Heraklios.MixamoAnimBP_Heraklios:EdGraph_1.K2Node_CallFunction_102548' missing NodeGuid because of upgrade from old package version, this can cause deterministic cooking issues please resave package.
[2016.12.08-19.43.23:083][  0]LogBlueprint:Warning: Node '/Game/MixamoAnimPack/Mixamo_Heraklios/Anims/MixamoAnimBP_Heraklios.MixamoAnimBP_Heraklios:EdGraph_1.K2Node_VariableGet_2488' missing NodeGuid because of upgrade from old package version, this can cause deterministic cooking issues please resave package.
[2016.12.08-19.43.23:083][  0]LogBlueprint:Warning: Node '/Game/MixamoAnimPack/Mixamo_Heraklios/Anims/MixamoAnimBP_Heraklios.MixamoAnimBP_Heraklios:EdGraph_1.K2Node_FunctionResult_0' missing NodeGuid because of upgrade from old package version, this can cause deterministic cooking issues please resave package.
[2016.12.08-19.43.23:083][  0]LogBlueprint:Warning: Node '/Game/MixamoAnimPack/Mixamo_Heraklios/Anims/MixamoAnimBP_Heraklios.MixamoAnimBP_Heraklios:EdGraph_1.K2Node_FunctionEntry_139' missing NodeGuid because of upgrade from old package version, this can cause deterministic cooking issues please resave package.
[2016.12.08-19.43.23:103][  0]LogBlueprint:Warning: Node '/Game/MixamoAnimPack/Mixamo_Heraklios/Anims/MixamoAnimBP_Heraklios.MixamoAnimBP_Heraklios:EdGraph_2.K2Node_CommutativeAssociativeBinaryOperator_2253' missing NodeGuid because of upgrade from old package version, this can cause deterministic cooking issues please resave package.
[2016.12.08-19.43.23:103][  0]LogBlueprint:Warning: Node '/Game/MixamoAnimPack/Mixamo_Heraklios/Anims/MixamoAnimBP_Heraklios.MixamoAnimBP_Heraklios:EdGraph_2.K2Node_CallFunction_102548' missing NodeGuid because of upgrade from old package version, this can cause deterministic cooking issues please resave package.
[2016.12.08-19.43.23:103][  0]LogBlueprint:Warning: Node '/Game/MixamoAnimPack/Mixamo_Heraklios/Anims/MixamoAnimBP_Heraklios.MixamoAnimBP_Heraklios:EdGraph_2.K2Node_VariableGet_2488' missing NodeGuid because of upgrade from old package version, this can cause deterministic cooking issues please resave package.
[2016.12.08-19.43.23:103][  0]LogBlueprint:Warning: Node '/Game/MixamoAnimPack/Mixamo_Heraklios/Anims/MixamoAnimBP_Heraklios.MixamoAnimBP_Heraklios:EdGraph_2.K2Node_FunctionResult_0' missing NodeGuid because of upgrade from old package version, this can cause deterministic cooking issues please resave package.
[2016.12.08-19.43.23:103][  0]LogBlueprint:Warning: Node '/Game/MixamoAnimPack/Mixamo_Heraklios/Anims/MixamoAnimBP_Heraklios.MixamoAnimBP_Heraklios:EdGraph_2.K2Node_FunctionEntry_139' missing NodeGuid because of upgrade from old package version, this can cause deterministic cooking issues please resave package.
[2016.12.08-19.43.34:150][  0]LogBlueprint:Warning: Node '/Game/MixamoAnimPack/Mixamo_Heraklios/Anims/MixamoAnimBP_Heraklios.MixamoAnimBP_Heraklios:AnimGraph.AnimGraphNode_StateMachine_6.Default.AnimStateNode_1.Locomotion/Idle.AnimGraphNode_BlendSpacePlayer_9' missing NodeGuid because of upgrade from old package version, this can cause deterministic cooking issues please resave package.
[2016.12.08-19.43.34:150][  0]LogBlueprint:Warning: Node '/Game/MixamoAnimPack/Mixamo_Heraklios/Anims/MixamoAnimBP_Heraklios.MixamoAnimBP_Heraklios:AnimGraph.AnimGraphNode_Root_5' missing NodeGuid because of upgrade from old package version, this can cause deterministic cooking issues please resave package.
[2016.12.08-19.43.34:150][  0]LogBlueprint:Warning: Node '/Game/MixamoAnimPack/Mixamo_Heraklios/Anims/MixamoAnimBP_Heraklios.MixamoAnimBP_Heraklios:AnimGraph.AnimGraphNode_StateMachine_6.Default.AnimStateNode_2.Run Jump.AnimGraphNode_SequencePlayer_34' missing NodeGuid because of upgrade from old package version, this can cause deterministic cooking issues please resave package.
[2016.12.08-19.43.34:150][  0]LogBlueprint:Warning: Node '/Game/MixamoAnimPack/Mixamo_Heraklios/Anims/MixamoAnimBP_Heraklios.MixamoAnimBP_Heraklios:AnimGraph.AnimGraphNode_StateMachine_6.Default.AnimStateNode_3.Jump.AnimGraphNode_SequencePlayer_483' missing NodeGuid because of upgrade from old package version, this can cause deterministic cooking issues please resave package.
[2016.12.08-19.43.34:150][  0]LogBlueprint:Warning: Node '/Game/MixamoAnimPack/Mixamo_Heraklios/Anims/MixamoAnimBP_Heraklios.MixamoAnimBP_Heraklios:AnimGraph.AnimGraphNode_StateMachine_6.Default.AnimStateNode_7.attacking.AnimGraphNode_SequencePlayer_153' missing NodeGuid because of upgrade from old package version, this can cause deterministic cooking issues please resave package.
[2016.12.08-19.43.34:150][  0]LogBlueprint:Warning: Node '/Game/MixamoAnimPack/Mixamo_Heraklios/Anims/MixamoAnimBP_Heraklios.MixamoAnimBP_Heraklios:AnimGraph.AnimGraphNode_StateMachine_6' missing NodeGuid because of upgrade from old package version, this can cause deterministic cooking issues please resave package.
[2016.12.08-19.43.34:150][  0]LogBlueprint:Warning: Node '/Game/MixamoAnimPack/Mixamo_Heraklios/Anims/MixamoAnimBP_Heraklios.MixamoAnimBP_Heraklios:AnimGraph.AnimGraphNode_StateMachine_6.Default.AnimStateNode_1.Locomotion/Idle.AnimGraphNode_StateResult_20' missing NodeGuid because of upgrade from old package version, this can cause deterministic cooking issues please resave package.
[2016.12.08-19.43.34:150][  0]LogBlueprint:Warning: Node '/Game/MixamoAnimPack/Mixamo_Heraklios/Anims/MixamoAnimBP_Heraklios.MixamoAnimBP_Heraklios:AnimGraph.AnimGraphNode_StateMachine_6.Default.AnimStateNode_2.Run Jump.AnimGraphNode_StateResult_15' missing NodeGuid because of upgrade from old package version, this can cause deterministic cooking issues please resave package.
[2016.12.08-19.43.34:151][  0]LogBlueprint:Warning: Node '/Game/MixamoAnimPack/Mixamo_Heraklios/Anims/MixamoAnimBP_Heraklios.MixamoAnimBP_Heraklios:AnimGraph.AnimGraphNode_StateMachine_6.Default.AnimStateNode_3.Jump.AnimGraphNode_StateResult_55' missing NodeGuid because of upgrade from old package version, this can cause deterministic cooking issues please resave package.
[2016.12.08-19.43.34:151][  0]LogBlueprint:Warning: Node '/Game/MixamoAnimPack/Mixamo_Heraklios/Anims/MixamoAnimBP_Heraklios.MixamoAnimBP_Heraklios:AnimGraph.AnimGraphNode_StateMachine_6.Default.AnimStateNode_7.attacking.AnimGraphNode_StateResult_188' missing NodeGuid because of upgrade from old package version, this can cause deterministic cooking issues please resave package.
[2016.12.08-19.43.34:151][  0]LogBlueprint:Warning: Node '/Game/MixamoAnimPack/Mixamo_Heraklios/Anims/MixamoAnimBP_Heraklios.MixamoAnimBP_Heraklios:AnimGraph.AnimGraphNode_StateMachine_6.Default.AnimStateTransitionNode_1.Transition.AnimGraphNode_TransitionResult_20' missing NodeGuid because of upgrade from old package version, this can cause deterministic cooking issues please resave package.
[2016.12.08-19.43.34:151][  0]LogBlueprint:Warning: Node '/Game/MixamoAnimPack/Mixamo_Heraklios/Anims/MixamoAnimBP_Heraklios.MixamoAnimBP_Heraklios:AnimGraph.AnimGraphNode_StateMachine_6.Default.AnimStateTransitionNode_12.Transition.AnimGraphNode_TransitionResult_467' missing NodeGuid because of upgrade from old package version, this can cause deterministic cooking issues please resave package.
[2016.12.08-19.43.34:151][  0]LogBlueprint:Warning: Node '/Game/MixamoAnimPack/Mixamo_Heraklios/Anims/MixamoAnimBP_Heraklios.MixamoAnimBP_Heraklios:AnimGraph.AnimGraphNode_StateMachine_6.Default.AnimStateTransitionNode_2.Transition.AnimGraphNode_TransitionResult_28' missing NodeGuid because of upgrade from old package version, this can cause deterministic cooking issues please resave package.
[2016.12.08-19.43.34:151][  0]LogBlueprint:Warning: Node '/Game/MixamoAnimPack/Mixamo_Heraklios/Anims/MixamoAnimBP_Heraklios.MixamoAnimBP_Heraklios:AnimGraph.AnimGraphNode_StateMachine_6.Default.AnimStateTransitionNode_5.Transition.AnimGraphNode_TransitionResult_142' missing NodeGuid because of upgrade from old package version, this can cause deterministic cooking issues please resave package.
[2016.12.08-19.43.34:151][  0]LogBlueprint:Warning: Node '/Game/MixamoAnimPack/Mixamo_Heraklios/Anims/MixamoAnimBP_Heraklios.MixamoAnimBP_Heraklios:AnimGraph.AnimGraphNode_StateMachine_6.Default.AnimStateTransitionNode_6.AnimationTransitionGraph_65.AnimGraphNode_TransitionResult_22' missing NodeGuid because of upgrade from old package version, this can cause deterministic cooking issues please resave package.
[2016.12.08-19.43.34:151][  0]LogBlueprint:Warning: Node '/Game/MixamoAnimPack/Mixamo_Heraklios/Anims/MixamoAnimBP_Heraklios.MixamoAnimBP_Heraklios:AnimGraph.AnimGraphNode_StateMachine_6.Default.AnimStateTransitionNode_7.Transition.AnimGraphNode_TransitionResult_148' missing NodeGuid because of upgrade from old package version, this can cause deterministic cooking issues please resave package.
[2016.12.08-19.43.34:151][  0]LogBlueprint:Warning: Node '/Game/MixamoAnimPack/Mixamo_Heraklios/Anims/MixamoAnimBP_Heraklios.MixamoAnimBP_Heraklios:AnimGraph.AnimGraphNode_StateMachine_6.Default.AnimStateTransitionNode_8.Transition.AnimGraphNode_TransitionResult_233' missing NodeGuid because of upgrade from old package version, this can cause deterministic cooking issues please resave package.
[2016.12.08-19.43.34:151][  0]LogBlueprint:Warning: Node '/Game/MixamoAnimPack/Mixamo_Heraklios/Anims/MixamoAnimBP_Heraklios.MixamoAnimBP_Heraklios:AnimGraph.AnimGraphNode_StateMachine_6.Default.AnimStateEntryNode_0' missing NodeGuid because of upgrade from old package version, this can cause deterministic cooking issues please resave package.
[2016.12.08-19.43.34:151][  0]LogBlueprint:Warning: Node '/Game/MixamoAnimPack/Mixamo_Heraklios/Anims/MixamoAnimBP_Heraklios.MixamoAnimBP_Heraklios:AnimGraph.AnimGraphNode_StateMachine_6.Default.AnimStateNode_1' missing NodeGuid because of upgrade from old package version, this can cause deterministic cooking issues please resave package.
[2016.12.08-19.43.34:151][  0]LogBlueprint:Warning: Node '/Game/MixamoAnimPack/Mixamo_Heraklios/Anims/MixamoAnimBP_Heraklios.MixamoAnimBP_Heraklios:AnimGraph.AnimGraphNode_StateMachine_6.Default.AnimStateNode_2' missing NodeGuid because of upgrade from old package version, this can cause deterministic cooking issues please resave package.
[2016.12.08-19.43.34:151][  0]LogBlueprint:Warning: Node '/Game/MixamoAnimPack/Mixamo_Heraklios/Anims/MixamoAnimBP_Heraklios.MixamoAnimBP_Heraklios:AnimGraph.AnimGraphNode_StateMachine_6.Default.AnimStateNode_3' missing NodeGuid because of upgrade from old package version, this can cause deterministic cooking issues please resave package.
[2016.12.08-19.43.34:151][  0]LogBlueprint:Warning: Node '/Game/MixamoAnimPack/Mixamo_Heraklios/Anims/MixamoAnimBP_Heraklios.MixamoAnimBP_Heraklios:AnimGraph.AnimGraphNode_StateMachine_6.Default.AnimStateNode_7' missing NodeGuid because of upgrade from old package version, this can cause deterministic cooking issues please resave package.
[2016.12.08-19.43.34:151][  0]LogBlueprint:Warning: Node '/Game/MixamoAnimPack/Mixamo_Heraklios/Anims/MixamoAnimBP_Heraklios.MixamoAnimBP_Heraklios:AnimGraph.AnimGraphNode_StateMachine_6.Default.AnimStateTransitionNode_1' missing NodeGuid because of upgrade from old package version, this can cause deterministic cooking issues please resave package.
[2016.12.08-19.43.34:151][  0]LogBlueprint:Warning: Node '/Game/MixamoAnimPack/Mixamo_Heraklios/Anims/MixamoAnimBP_Heraklios.MixamoAnimBP_Heraklios:AnimGraph.AnimGraphNode_StateMachine_6.Default.AnimStateTransitionNode_12' missing NodeGuid because of upgrade from old package version, this can cause deterministic cooking issues please resave package.
[2016.12.08-19.43.34:151][  0]LogBlueprint:Warning: Node '/Game/MixamoAnimPack/Mixamo_Heraklios/Anims/MixamoAnimBP_Heraklios.MixamoAnimBP_Heraklios:AnimGraph.AnimGraphNode_StateMachine_6.Default.AnimStateTransitionNode_2' missing NodeGuid because of upgrade from old package version, this can cause deterministic cooking issues please resave package.
[2016.12.08-19.43.34:151][  0]LogBlueprint:Warning: Node '/Game/MixamoAnimPack/Mixamo_Heraklios/Anims/MixamoAnimBP_Heraklios.MixamoAnimBP_Heraklios:AnimGraph.AnimGraphNode_StateMachine_6.Default.AnimStateTransitionNode_5' missing NodeGuid because of upgrade from old package version, this can cause deterministic cooking issues please resave package.
[2016.12.08-19.43.34:151][  0]LogBlueprint:Warning: Node '/Game/MixamoAnimPack/Mixamo_Heraklios/Anims/MixamoAnimBP_Heraklios.MixamoAnimBP_Heraklios:AnimGraph.AnimGraphNode_StateMachine_6.Default.AnimStateTransitionNode_6' missing NodeGuid because of upgrade from old package version, this can cause deterministic cooking issues please resave package.
[2016.12.08-19.43.34:151][  0]LogBlueprint:Warning: Node '/Game/MixamoAnimPack/Mixamo_Heraklios/Anims/MixamoAnimBP_Heraklios.MixamoAnimBP_Heraklios:AnimGraph.AnimGraphNode_StateMachine_6.Default.AnimStateTransitionNode_7' missing NodeGuid because of upgrade from old package version, this can cause deterministic cooking issues please resave package.
[2016.12.08-19.43.34:151][  0]LogBlueprint:Warning: Node '/Game/MixamoAnimPack/Mixamo_Heraklios/Anims/MixamoAnimBP_Heraklios.MixamoAnimBP_Heraklios:AnimGraph.AnimGraphNode_StateMachine_6.Default.AnimStateTransitionNode_8' missing NodeGuid because of upgrade from old package version, this can cause deterministic cooking issues please resave package.
[2016.12.08-19.43.34:151][  0]LogBlueprint:Warning: Node '/Game/MixamoAnimPack/Mixamo_Heraklios/Anims/MixamoAnimBP_Heraklios.MixamoAnimBP_Heraklios:EventGraph.EdGraphNode_Comment_19' missing NodeGuid because of upgrade from old package version, this can cause deterministic cooking issues please resave package.
[2016.12.08-19.43.34:151][  0]LogBlueprint:Warning: Node '/Game/MixamoAnimPack/Mixamo_Heraklios/Anims/MixamoAnimBP_Heraklios.MixamoAnimBP_Heraklios:EventGraph.EdGraphNode_Comment_22' missing NodeGuid because of upgrade from old package version, this can cause deterministic cooking issues please resave package.
[2016.12.08-19.43.34:151][  0]LogBlueprint:Warning: Node '/Game/MixamoAnimPack/Mixamo_Heraklios/Anims/MixamoAnimBP_Heraklios.MixamoAnimBP_Heraklios:EventGraph.EdGraphNode_Comment_26' missing NodeGuid because of upgrade from old package version, this can cause deterministic cooking issues please resave package.
[2016.12.08-19.43.34:152][  0]LogBlueprint:Warning: Node '/Game/MixamoAnimPack/Mixamo_Heraklios/Anims/MixamoAnimBP_Heraklios.MixamoAnimBP_Heraklios:AnimGraph.AnimGraphNode_StateMachine_6.Default.AnimStateTransitionNode_12.Transition.K2Node_CallFunction_91451' missing NodeGuid because of upgrade from old package version, this can cause deterministic cooking issues please resave package.
[2016.12.08-19.43.34:152][  0]LogBlueprint:Warning: Node '/Game/MixamoAnimPack/Mixamo_Heraklios/Anims/MixamoAnimBP_Heraklios.MixamoAnimBP_Heraklios:AnimGraph.AnimGraphNode_StateMachine_6.Default.AnimStateTransitionNode_2.Transition.K2Node_CallFunction_11224' missing NodeGuid because of upgrade from old package version, this can cause deterministic cooking issues please resave package.
[2016.12.08-19.43.34:152][  0]LogBlueprint:Warning: Node '/Game/MixamoAnimPack/Mixamo_Heraklios/Anims/MixamoAnimBP_Heraklios.MixamoAnimBP_Heraklios:AnimGraph.AnimGraphNode_StateMachine_6.Default.AnimStateTransitionNode_5.Transition.K2Node_CallFunction_224620' missing NodeGuid because of upgrade from old package version, this can cause deterministic cooking issues please resave package.
[2016.12.08-19.43.34:152][  0]LogBlueprint:Warning: Node '/Game/MixamoAnimPack/Mixamo_Heraklios/Anims/MixamoAnimBP_Heraklios.MixamoAnimBP_Heraklios:AnimGraph.AnimGraphNode_StateMachine_6.Default.AnimStateTransitionNode_5.Transition.K2Node_CallFunction_2831' missing NodeGuid because of upgrade from old package version, this can cause deterministic cooking issues please resave package.
[2016.12.08-19.43.34:152][  0]LogBlueprint:Warning: Node '/Game/MixamoAnimPack/Mixamo_Heraklios/Anims/MixamoAnimBP_Heraklios.MixamoAnimBP_Heraklios:AnimGraph.AnimGraphNode_StateMachine_6.Default.AnimStateTransitionNode_6.AnimationTransitionGraph_65.K2Node_CallFunction_92056' missing NodeGuid because of upgrade from old package version, this can cause deterministic cooking issues please resave package.
[2016.12.08-19.43.34:152][  0]LogBlueprint:Warning: Node '/Game/MixamoAnimPack/Mixamo_Heraklios/Anims/MixamoAnimBP_Heraklios.MixamoAnimBP_Heraklios:AnimGraph.AnimGraphNode_StateMachine_6.Default.AnimStateTransitionNode_7.Transition.K2Node_CallFunction_225505' missing NodeGuid because of upgrade from old package version, this can cause deterministic cooking issues please resave package.
[2016.12.08-19.43.34:152][  0]LogBlueprint:Warning: Node '/Game/MixamoAnimPack/Mixamo_Heraklios/Anims/MixamoAnimBP_Heraklios.MixamoAnimBP_Heraklios:CanJump.K2Node_CallFunction_102548' missing NodeGuid because of upgrade from old package version, this can cause deterministic cooking issues please resave package.
[2016.12.08-19.43.34:152][  0]LogBlueprint:Warning: Node '/Game/MixamoAnimPack/Mixamo_Heraklios/Anims/MixamoAnimBP_Heraklios.MixamoAnimBP_Heraklios:EventGraph.K2Node_CallFunction_108580' missing NodeGuid because of upgrade from old package version, this can cause deterministic cooking issues please resave package.
[2016.12.08-19.43.34:152][  0]LogBlueprint:Warning: Node '/Game/MixamoAnimPack/Mixamo_Heraklios/Anims/MixamoAnimBP_Heraklios.MixamoAnimBP_Heraklios:EventGraph.K2Node_CallFunction_162498' missing NodeGuid because of upgrade from old package version, this can cause deterministic cooking issues please resave package.
[2016.12.08-19.43.34:152][  0]LogBlueprint:Warning: Node '/Game/MixamoAnimPack/Mixamo_Heraklios/Anims/MixamoAnimBP_Heraklios.MixamoAnimBP_Heraklios:EventGraph.K2Node_CallFunction_169492' missing NodeGuid because of upgrade from old package version, this can cause deterministic cooking issues please resave package.
[2016.12.08-19.43.34:152][  0]LogBlueprint:Warning: Node '/Game/MixamoAnimPack/Mixamo_Heraklios/Anims/MixamoAnimBP_Heraklios.MixamoAnimBP_Heraklios:EventGraph.K2Node_CallFunction_227144' missing NodeGuid because of upgrade from old package version, this can cause deterministic cooking issues please resave package.
[2016.12.08-19.43.34:152][  0]LogBlueprint:Warning: Node '/Game/MixamoAnimPack/Mixamo_Heraklios/Anims/MixamoAnimBP_Heraklios.MixamoAnimBP_Heraklios:EventGraph.K2Node_CallFunction_29781' missing NodeGuid because of upgrade from old package version, this can cause deterministic cooking issues please resave package.
[2016.12.08-19.43.34:152][  0]LogBlueprint:Warning: Node '/Game/MixamoAnimPack/Mixamo_Heraklios/Anims/MixamoAnimBP_Heraklios.MixamoAnimBP_Heraklios:EventGraph.K2Node_CallFunction_29886' missing NodeGuid because of upgrade from old package version, this can cause deterministic cooking issues please resave package.
[2016.12.08-19.43.34:152][  0]LogBlueprint:Warning: Node '/Game/MixamoAnimPack/Mixamo_Heraklios/Anims/MixamoAnimBP_Heraklios.MixamoAnimBP_Heraklios:EventGraph.K2Node_CallFunction_45546' missing NodeGuid because of upgrade from old package version, this can cause deterministic cooking issues please resave package.
[2016.12.08-19.43.34:153][  0]LogBlueprint:Warning: Node '/Game/MixamoAnimPack/Mixamo_Heraklios/Anims/MixamoAnimBP_Heraklios.MixamoAnimBP_Heraklios:EventGraph.K2Node_CallFunction_45889' missing NodeGuid because of upgrade from old package version, this can cause deterministic cooking issues please resave package.
[2016.12.08-19.43.34:153][  0]LogBlueprint:Warning: Node '/Game/MixamoAnimPack/Mixamo_Heraklios/Anims/MixamoAnimBP_Heraklios.MixamoAnimBP_Heraklios:AnimGraph.AnimGraphNode_StateMachine_6.Default.AnimStateTransitionNode_2.Transition.K2Node_CommutativeAssociativeBinaryOperator_211' missing NodeGuid because of upgrade from old package version, this can cause deterministic cooking issues please resave package.
[2016.12.08-19.43.34:153][  0]LogBlueprint:Warning: Node '/Game/MixamoAnimPack/Mixamo_Heraklios/Anims/MixamoAnimBP_Heraklios.MixamoAnimBP_Heraklios:AnimGraph.AnimGraphNode_StateMachine_6.Default.AnimStateTransitionNode_5.Transition.K2Node_CommutativeAssociativeBinaryOperator_77' missing NodeGuid because of upgrade from old package version, this can cause deterministic cooking issues please resave package.
[2016.12.08-19.43.34:153][  0]LogBlueprint:Warning: Node '/Game/MixamoAnimPack/Mixamo_Heraklios/Anims/MixamoAnimBP_Heraklios.MixamoAnimBP_Heraklios:CanJump.K2Node_CommutativeAssociativeBinaryOperator_2253' missing NodeGuid because of upgrade from old package version, this can cause deterministic cooking issues please resave package.
[2016.12.08-19.43.34:153][  0]LogBlueprint:Warning: Node '/Game/MixamoAnimPack/Mixamo_Heraklios/Anims/MixamoAnimBP_Heraklios.MixamoAnimBP_Heraklios:EventGraph.K2Node_CommutativeAssociativeBinaryOperator_521' missing NodeGuid because of upgrade from old package version, this can cause deterministic cooking issues please resave package.
[2016.12.08-19.43.34:153][  0]LogBlueprint:Warning: Node '/Game/MixamoAnimPack/Mixamo_Heraklios/Anims/MixamoAnimBP_Heraklios.MixamoAnimBP_Heraklios:EventGraph.K2Node_DynamicCast_120' missing NodeGuid because of upgrade from old package version, this can cause deterministic cooking issues please resave package.
[2016.12.08-19.43.34:153][  0]LogBlueprint:Warning: Node '/Game/MixamoAnimPack/Mixamo_Heraklios/Anims/MixamoAnimBP_Heraklios.MixamoAnimBP_Heraklios:EventGraph.K2Node_DynamicCast_127' missing NodeGuid because of upgrade from old package version, this can cause deterministic cooking issues please resave package.
[2016.12.08-19.43.34:153][  0]LogBlueprint:Warning: Node '/Game/MixamoAnimPack/Mixamo_Heraklios/Anims/MixamoAnimBP_Heraklios.MixamoAnimBP_Heraklios:EventGraph.K2Node_DynamicCast_99' missing NodeGuid because of upgrade from old package version, this can cause deterministic cooking issues please resave package.
[2016.12.08-19.43.34:153][  0]LogBlueprint:Warning: Node '/Game/MixamoAnimPack/Mixamo_Heraklios/Anims/MixamoAnimBP_Heraklios.MixamoAnimBP_Heraklios:EventGraph.K2Node_Event_1003' missing NodeGuid because of upgrade from old package version, this can cause deterministic cooking issues please resave package.
[2016.12.08-19.43.34:153][  0]LogBlueprint:Warning: Node '/Game/MixamoAnimPack/Mixamo_Heraklios/Anims/MixamoAnimBP_Heraklios.MixamoAnimBP_Heraklios:EventGraph.K2Node_Event_2429' missing NodeGuid because of upgrade from old package version, this can cause deterministic cooking issues please resave package.
[2016.12.08-19.43.34:153][  0]LogBlueprint:Warning: Node '/Game/MixamoAnimPack/Mixamo_Heraklios/Anims/MixamoAnimBP_Heraklios.MixamoAnimBP_Heraklios:EventGraph.K2Node_Event_85' missing NodeGuid because of upgrade from old package version, this can cause deterministic cooking issues please resave package.
[2016.12.08-19.43.34:153][  0]LogBlueprint:Warning: Node '/Game/MixamoAnimPack/Mixamo_Heraklios/Anims/MixamoAnimBP_Heraklios.MixamoAnimBP_Heraklios:EventGraph.K2Node_ExecutionSequence_180' missing NodeGuid because of upgrade from old package version, this can cause deterministic cooking issues please resave package.
[2016.12.08-19.43.34:153][  0]LogBlueprint:Warning: Node '/Game/MixamoAnimPack/Mixamo_Heraklios/Anims/MixamoAnimBP_Heraklios.MixamoAnimBP_Heraklios:CanJump.K2Node_FunctionEntry_139' missing NodeGuid because of upgrade from old package version, this can cause deterministic cooking issues please resave package.
[2016.12.08-19.43.34:153][  0]LogBlueprint:Warning: Node '/Game/MixamoAnimPack/Mixamo_Heraklios/Anims/MixamoAnimBP_Heraklios.MixamoAnimBP_Heraklios:CanJump.K2Node_FunctionResult_0' missing NodeGuid because of upgrade from old package version, this can cause deterministic cooking issues please resave package.
[2016.12.08-19.43.34:153][  0]LogBlueprint:Warning: Node '/Game/MixamoAnimPack/Mixamo_Heraklios/Anims/MixamoAnimBP_Heraklios.MixamoAnimBP_Heraklios:EventGraph.K2Node_IfThenElse_332' missing NodeGuid because of upgrade from old package version, this can cause deterministic cooking issues please resave package.
[2016.12.08-19.43.34:153][  0]LogBlueprint:Warning: Node '/Game/MixamoAnimPack/Mixamo_Heraklios/Anims/MixamoAnimBP_Heraklios.MixamoAnimBP_Heraklios:EventGraph.K2Node_IfThenElse_413' missing NodeGuid because of upgrade from old package version, this can cause deterministic cooking issues please resave package.
[2016.12.08-19.43.34:153][  0]LogBlueprint:Warning: Node '/Game/MixamoAnimPack/Mixamo_Heraklios/Anims/MixamoAnimBP_Heraklios.MixamoAnimBP_Heraklios:AnimGraph.AnimGraphNode_StateMachine_6.Default.AnimStateTransitionNode_12.Transition.K2Node_TransitionRuleGetter_8' missing NodeGuid because of upgrade from old package version, this can cause deterministic cooking issues please resave package.
[2016.12.08-19.43.34:153][  0]LogBlueprint:Warning: Node '/Game/MixamoAnimPack/Mixamo_Heraklios/Anims/MixamoAnimBP_Heraklios.MixamoAnimBP_Heraklios:AnimGraph.AnimGraphNode_StateMachine_6.Default.AnimStateTransitionNode_6.AnimationTransitionGraph_65.K2Node_TransitionRuleGetter_17' missing NodeGuid because of upgrade from old package version, this can cause deterministic cooking issues please resave package.
[2016.12.08-19.43.34:153][  0]LogBlueprint:Warning: Node '/Game/MixamoAnimPack/Mixamo_Heraklios/Anims/MixamoAnimBP_Heraklios.MixamoAnimBP_Heraklios:AnimGraph.AnimGraphNode_StateMachine_6.Default.AnimStateTransitionNode_6.AnimationTransitionGraph_65.K2Node_TransitionRuleGetter_182' missing NodeGuid because of upgrade from old package version, this can cause deterministic cooking issues please resave package.
[2016.12.08-19.43.34:153][  0]LogBlueprint:Warning: Node '/Game/MixamoAnimPack/Mixamo_Heraklios/Anims/MixamoAnimBP_Heraklios.MixamoAnimBP_Heraklios:AnimGraph.AnimGraphNode_StateMachine_6.Default.AnimStateNode_1.Locomotion/Idle.K2Node_VariableGet_589' missing NodeGuid because of upgrade from old package version, this can cause deterministic cooking issues please resave package.
[2016.12.08-19.43.34:153][  0]LogBlueprint:Warning: Node '/Game/MixamoAnimPack/Mixamo_Heraklios/Anims/MixamoAnimBP_Heraklios.MixamoAnimBP_Heraklios:AnimGraph.AnimGraphNode_StateMachine_6.Default.AnimStateTransitionNode_1.Transition.K2Node_VariableGet_208' missing NodeGuid because of upgrade from old package version, this can cause deterministic cooking issues please resave package.
[2016.12.08-19.43.34:153][  0]LogBlueprint:Warning: Node '/Game/MixamoAnimPack/Mixamo_Heraklios/Anims/MixamoAnimBP_Heraklios.MixamoAnimBP_Heraklios:AnimGraph.AnimGraphNode_StateMachine_6.Default.AnimStateTransitionNode_2.Transition.K2Node_VariableGet_125' missing NodeGuid because of upgrade from old package version, this can cause deterministic cooking issues please resave package.
[2016.12.08-19.43.34:153][  0]LogBlueprint:Warning: Node '/Game/MixamoAnimPack/Mixamo_Heraklios/Anims/MixamoAnimBP_Heraklios.MixamoAnimBP_Heraklios:AnimGraph.AnimGraphNode_StateMachine_6.Default.AnimStateTransitionNode_2.Transition.K2Node_VariableGet_129' missing NodeGuid because of upgrade from old package version, this can cause deterministic cooking issues please resave package.
[2016.12.08-19.43.34:153][  0]LogBlueprint:Warning: Node '/Game/MixamoAnimPack/Mixamo_Heraklios/Anims/MixamoAnimBP_Heraklios.MixamoAnimBP_Heraklios:AnimGraph.AnimGraphNode_StateMachine_6.Default.AnimStateTransitionNode_5.Transition.K2Node_VariableGet_1066' missing NodeGuid because of upgrade from old package version, this can cause deterministic cooking issues please resave package.
[2016.12.08-19.43.34:153][  0]LogBlueprint:Warning: Node '/Game/MixamoAnimPack/Mixamo_Heraklios/Anims/MixamoAnimBP_Heraklios.MixamoAnimBP_Heraklios:AnimGraph.AnimGraphNode_StateMachine_6.Default.AnimStateTransitionNode_5.Transition.K2Node_VariableGet_74' missing NodeGuid because of upgrade from old package version, this can cause deterministic cooking issues please resave package.
[2016.12.08-19.43.34:153][  0]LogBlueprint:Warning: Node '/Game/MixamoAnimPack/Mixamo_Heraklios/Anims/MixamoAnimBP_Heraklios.MixamoAnimBP_Heraklios:AnimGraph.AnimGraphNode_StateMachine_6.Default.AnimStateTransitionNode_7.Transition.K2Node_VariableGet_1084' missing NodeGuid because of upgrade from old package version, this can cause deterministic cooking issues please resave package.
[2016.12.08-19.43.34:153][  0]LogBlueprint:Warning: Node '/Game/MixamoAnimPack/Mixamo_Heraklios/Anims/MixamoAnimBP_Heraklios.MixamoAnimBP_Heraklios:AnimGraph.AnimGraphNode_StateMachine_6.Default.AnimStateTransitionNode_8.Transition.K2Node_VariableGet_624' missing NodeGuid because of upgrade from old package version, this can cause deterministic cooking issues please resave package.
[2016.12.08-19.43.34:153][  0]LogBlueprint:Warning: Node '/Game/MixamoAnimPack/Mixamo_Heraklios/Anims/MixamoAnimBP_Heraklios.MixamoAnimBP_Heraklios:CanJump.K2Node_VariableGet_2488' missing NodeGuid because of upgrade from old package version, this can cause deterministic cooking issues please resave package.
[2016.12.08-19.43.34:153][  0]LogBlueprint:Warning: Node '/Game/MixamoAnimPack/Mixamo_Heraklios/Anims/MixamoAnimBP_Heraklios.MixamoAnimBP_Heraklios:EventGraph.K2Node_VariableGet_1007' missing NodeGuid because of upgrade from old package version, this can cause deterministic cooking issues please resave package.
[2016.12.08-19.43.34:154][  0]LogBlueprint:Warning: Node '/Game/MixamoAnimPack/Mixamo_Heraklios/Anims/MixamoAnimBP_Heraklios.MixamoAnimBP_Heraklios:EventGraph.K2Node_VariableGet_1157' missing NodeGuid because of upgrade from old package version, this can cause deterministic cooking issues please resave package.
[2016.12.08-19.43.34:154][  0]LogBlueprint:Warning: Node '/Game/MixamoAnimPack/Mixamo_Heraklios/Anims/MixamoAnimBP_Heraklios.MixamoAnimBP_Heraklios:EventGraph.K2Node_VariableGet_3156' missing NodeGuid because of upgrade from old package version, this can cause deterministic cooking issues please resave package.
[2016.12.08-19.43.34:154][  0]LogBlueprint:Warning: Node '/Game/MixamoAnimPack/Mixamo_Heraklios/Anims/MixamoAnimBP_Heraklios.MixamoAnimBP_Heraklios:EventGraph.K2Node_VariableSet_1402' missing NodeGuid because of upgrade from old package version, this can cause deterministic cooking issues please resave package.
[2016.12.08-19.43.34:154][  0]LogBlueprint:Warning: Node '/Game/MixamoAnimPack/Mixamo_Heraklios/Anims/MixamoAnimBP_Heraklios.MixamoAnimBP_Heraklios:EventGraph.K2Node_VariableSet_2289' missing NodeGuid because of upgrade from old package version, this can cause deterministic cooking issues please resave package.
[2016.12.08-19.43.34:154][  0]LogBlueprint:Warning: Node '/Game/MixamoAnimPack/Mixamo_Heraklios/Anims/MixamoAnimBP_Heraklios.MixamoAnimBP_Heraklios:EventGraph.K2Node_VariableSet_2465' missing NodeGuid because of upgrade from old package version, this can cause deterministic cooking issues please resave package.
[2016.12.08-19.43.34:154][  0]LogBlueprint:Warning: Node '/Game/MixamoAnimPack/Mixamo_Heraklios/Anims/MixamoAnimBP_Heraklios.MixamoAnimBP_Heraklios:EventGraph.K2Node_VariableSet_74' missing NodeGuid because of upgrade from old package version, this can cause deterministic cooking issues please resave package.
[2016.12.08-19.43.34:457][  0]LogBlueprint:Warning: Node '/Game/MixamoAnimPack/MixamoCharacter_Master.MixamoCharacter_Master:EventGraph.EdGraphNode_Comment_93' missing NodeGuid because of upgrade from old package version, this can cause deterministic cooking issues please resave package.
[2016.12.08-19.43.34:457][  0]LogBlueprint:Warning: Node '/Game/MixamoAnimPack/MixamoCharacter_Master.MixamoCharacter_Master:EventGraph.K2Node_Comment_1' missing NodeGuid because of upgrade from old package version, this can cause deterministic cooking issues please resave package.
[2016.12.08-19.43.34:457][  0]LogBlueprint:Warning: Node '/Game/MixamoAnimPack/MixamoCharacter_Master.MixamoCharacter_Master:EventGraph.K2Node_Comment_39' missing NodeGuid because of upgrade from old package version, this can cause deterministic cooking issues please resave package.
[2016.12.08-19.43.34:457][  0]LogBlueprint:Warning: Node '/Game/MixamoAnimPack/MixamoCharacter_Master.MixamoCharacter_Master:EventGraph.K2Node_Comment_56' missing NodeGuid because of upgrade from old package version, this can cause deterministic cooking issues please resave package.
[2016.12.08-19.43.34:458][  0]LogBlueprint:Warning: Node '/Game/MixamoAnimPack/MixamoCharacter_Master.MixamoCharacter_Master:EventGraph.K2Node_CallFunction_108971' missing NodeGuid because of upgrade from old package version, this can cause deterministic cooking issues please resave package.
[2016.12.08-19.43.34:458][  0]LogBlueprint:Warning: Node '/Game/MixamoAnimPack/MixamoCharacter_Master.MixamoCharacter_Master:EventGraph.K2Node_CallFunction_112027' missing NodeGuid because of upgrade from old package version, this can cause deterministic cooking issues please resave package.
[2016.12.08-19.43.34:458][  0]LogBlueprint:Warning: Node '/Game/MixamoAnimPack/MixamoCharacter_Master.MixamoCharacter_Master:EventGraph.K2Node_CallFunction_20844' missing NodeGuid because of upgrade from old package version, this can cause deterministic cooking issues please resave package.
[2016.12.08-19.43.34:458][  0]LogBlueprint:Warning: Node '/Game/MixamoAnimPack/MixamoCharacter_Master.MixamoCharacter_Master:EventGraph.K2Node_CallFunction_21305' missing NodeGuid because of upgrade from old package version, this can cause deterministic cooking issues please resave package.
[2016.12.08-19.43.34:459][  0]LogBlueprint:Warning: Node '/Game/MixamoAnimPack/MixamoCharacter_Master.MixamoCharacter_Master:EventGraph.K2Node_CallFunction_3716' missing NodeGuid because of upgrade from old package version, this can cause deterministic cooking issues please resave package.
[2016.12.08-19.43.34:459][  0]LogBlueprint:Warning: Node '/Game/MixamoAnimPack/MixamoCharacter_Master.MixamoCharacter_Master:EventGraph.K2Node_CallFunction_4184' missing NodeGuid because of upgrade from old package version, this can cause deterministic cooking issues please resave package.
[2016.12.08-19.43.34:459][  0]LogBlueprint:Warning: Node '/Game/MixamoAnimPack/MixamoCharacter_Master.MixamoCharacter_Master:EventGraph.K2Node_CallFunction_4223' missing NodeGuid because of upgrade from old package version, this can cause deterministic cooking issues please resave package.
[2016.12.08-19.43.34:459][  0]LogBlueprint:Warning: Node '/Game/MixamoAnimPack/MixamoCharacter_Master.MixamoCharacter_Master:EventGraph.K2Node_CallFunction_4678' missing NodeGuid because of upgrade from old package version, this can cause deterministic cooking issues please resave package.
[2016.12.08-19.43.34:459][  0]LogBlueprint:Warning: Node '/Game/MixamoAnimPack/MixamoCharacter_Master.MixamoCharacter_Master:EventGraph.K2Node_CallFunction_61214' missing NodeGuid because of upgrade from old package version, this can cause deterministic cooking issues please resave package.
[2016.12.08-19.43.34:459][  0]LogBlueprint:Warning: Node '/Game/MixamoAnimPack/MixamoCharacter_Master.MixamoCharacter_Master:EventGraph.K2Node_CallFunction_61534' missing NodeGuid because of upgrade from old package version, this can cause deterministic cooking issues please resave package.
[2016.12.08-19.43.34:459][  0]LogBlueprint:Warning: Node '/Game/MixamoAnimPack/MixamoCharacter_Master.MixamoCharacter_Master:EventGraph.K2Node_CallFunction_65164' missing NodeGuid because of upgrade from old package version, this can cause deterministic cooking issues please resave package.
[2016.12.08-19.43.34:459][  0]LogBlueprint:Warning: Node '/Game/MixamoAnimPack/MixamoCharacter_Master.MixamoCharacter_Master:EventGraph.K2Node_CallFunction_7346' missing NodeGuid because of upgrade from old package version, this can cause deterministic cooking issues please resave package.
[2016.12.08-19.43.34:459][  0]LogBlueprint:Warning: Node '/Game/MixamoAnimPack/MixamoCharacter_Master.MixamoCharacter_Master:EventGraph.K2Node_CallFunction_8160' missing NodeGuid because of upgrade from old package version, this can cause deterministic cooking issues please resave package.
[2016.12.08-19.43.34:459][  0]LogBlueprint:Warning: Node '/Game/MixamoAnimPack/MixamoCharacter_Master.MixamoCharacter_Master:EventGraph.K2Node_CallFunction_8427' missing NodeGuid because of upgrade from old package version, this can cause deterministic cooking issues please resave package.
[2016.12.08-19.43.34:459][  0]LogBlueprint:Warning: Node '/Game/MixamoAnimPack/MixamoCharacter_Master.MixamoCharacter_Master:EventGraph.K2Node_CallFunction_8733' missing NodeGuid because of upgrade from old package version, this can cause deterministic cooking issues please resave package.
[2016.12.08-19.43.34:459][  0]LogBlueprint:Warning: Node '/Game/MixamoAnimPack/MixamoCharacter_Master.MixamoCharacter_Master:EventGraph.K2Node_CallFunction_87421' missing NodeGuid because of upgrade from old package version, this can cause deterministic cooking issues please resave package.
[2016.12.08-19.43.34:460][  0]LogBlueprint:Warning: Node '/Game/MixamoAnimPack/MixamoCharacter_Master.MixamoCharacter_Master:EventGraph.K2Node_CallFunction_8781' missing NodeGuid because of upgrade from old package version, this can cause deterministic cooking issues please resave package.
[2016.12.08-19.43.34:460][  0]LogBlueprint:Warning: Node '/Game/MixamoAnimPack/MixamoCharacter_Master.MixamoCharacter_Master:EventGraph.K2Node_CommutativeAssociativeBinaryOperator_153' missing NodeGuid because of upgrade from old package version, this can cause deterministic cooking issues please resave package.
[2016.12.08-19.43.34:460][  0]LogBlueprint:Warning: Node '/Game/MixamoAnimPack/MixamoCharacter_Master.MixamoCharacter_Master:EventGraph.K2Node_CommutativeAssociativeBinaryOperator_155' missing NodeGuid because of upgrade from old package version, this can cause deterministic cooking issues please resave package.
[2016.12.08-19.43.34:460][  0]LogBlueprint:Warning: Node '/Game/MixamoAnimPack/MixamoCharacter_Master.MixamoCharacter_Master:EventGraph.K2Node_DynamicCast_179' missing NodeGuid because of upgrade from old package version, this can cause deterministic cooking issues please resave package.
[2016.12.08-19.43.34:460][  0]LogBlueprint:Warning: Node '/Game/MixamoAnimPack/MixamoCharacter_Master.MixamoCharacter_Master:UserConstructionScript.K2Node_FunctionEntry_19' missing NodeGuid because of upgrade from old package version, this can cause deterministic cooking issues please resave package.
[2016.12.08-19.43.34:460][  0]LogBlueprint:Warning: Node '/Game/MixamoAnimPack/MixamoCharacter_Master.MixamoCharacter_Master:EventGraph.K2Node_IfThenElse_203' missing NodeGuid because of upgrade from old package version, this can cause deterministic cooking issues please resave package.
[2016.12.08-19.43.34:460][  0]LogBlueprint:Warning: Node '/Game/MixamoAnimPack/MixamoCharacter_Master.MixamoCharacter_Master:EventGraph.K2Node_IfThenElse_27' missing NodeGuid because of upgrade from old package version, this can cause deterministic cooking issues please resave package.
[2016.12.08-19.43.34:460][  0]LogBlueprint:Warning: Node '/Game/MixamoAnimPack/MixamoCharacter_Master.MixamoCharacter_Master:EventGraph.K2Node_IfThenElse_41' missing NodeGuid because of upgrade from old package version, this can cause deterministic cooking issues please resave package.
[2016.12.08-19.43.34:460][  0]LogBlueprint:Warning: Node '/Game/MixamoAnimPack/MixamoCharacter_Master.MixamoCharacter_Master:EventGraph.K2Node_InputAction_52' missing NodeGuid because of upgrade from old package version, this can cause deterministic cooking issues please resave package.
[2016.12.08-19.43.34:460][  0]LogBlueprint:Warning: Node '/Game/MixamoAnimPack/MixamoCharacter_Master.MixamoCharacter_Master:EventGraph.K2Node_InputAxisEvent_1058' missing NodeGuid because of upgrade from old package version, this can cause deterministic cooking issues please resave package.
[2016.12.08-19.43.34:460][  0]LogBlueprint:Warning: Node '/Game/MixamoAnimPack/MixamoCharacter_Master.MixamoCharacter_Master:EventGraph.K2Node_InputAxisEvent_1657' missing NodeGuid because of upgrade from old package version, this can cause deterministic cooking issues please resave package.
[2016.12.08-19.43.34:460][  0]LogBlueprint:Warning: Node '/Game/MixamoAnimPack/MixamoCharacter_Master.MixamoCharacter_Master:EventGraph.K2Node_InputAxisEvent_43' missing NodeGuid because of upgrade from old package version, this can cause deterministic cooking issues please resave package.
[2016.12.08-19.43.34:460][  0]LogBlueprint:Warning: Node '/Game/MixamoAnimPack/MixamoCharacter_Master.MixamoCharacter_Master:EventGraph.K2Node_InputAxisEvent_50' missing NodeGuid because of upgrade from old package version, this can cause deterministic cooking issues please resave package.
[2016.12.08-19.43.34:460][  0]LogBlueprint:Warning: Node '/Game/MixamoAnimPack/MixamoCharacter_Master.MixamoCharacter_Master:EventGraph.K2Node_InputAxisEvent_55' missing NodeGuid because of upgrade from old package version, this can cause deterministic cooking issues please resave package.
[2016.12.08-19.43.34:461][  0]LogBlueprint:Warning: Node '/Game/MixamoAnimPack/MixamoCharacter_Master.MixamoCharacter_Master:EventGraph.K2Node_InputAxisEvent_86' missing NodeGuid because of upgrade from old package version, this can cause deterministic cooking issues please resave package.
[2016.12.08-19.43.34:461][  0]LogBlueprint:Warning: Node '/Game/MixamoAnimPack/MixamoCharacter_Master.MixamoCharacter_Master:EventGraph.K2Node_InputKey_17975' missing NodeGuid because of upgrade from old package version, this can cause deterministic cooking issues please resave package.
[2016.12.08-19.43.34:461][  0]LogBlueprint:Warning: Node '/Game/MixamoAnimPack/MixamoCharacter_Master.MixamoCharacter_Master:EventGraph.K2Node_VariableGet_1700' missing NodeGuid because of upgrade from old package version, this can cause deterministic cooking issues please resave package.
[2016.12.08-19.43.34:461][  0]LogBlueprint:Warning: Node '/Game/MixamoAnimPack/MixamoCharacter_Master.MixamoCharacter_Master:EventGraph.K2Node_VariableGet_174' missing NodeGuid because of upgrade from old package version, this can cause deterministic cooking issues please resave package.
[2016.12.08-19.43.34:461][  0]LogBlueprint:Warning: Node '/Game/MixamoAnimPack/MixamoCharacter_Master.MixamoCharacter_Master:EventGraph.K2Node_VariableGet_190' missing NodeGuid because of upgrade from old package version, this can cause deterministic cooking issues please resave package.
[2016.12.08-19.43.34:461][  0]LogBlueprint:Warning: Node '/Game/MixamoAnimPack/MixamoCharacter_Master.MixamoCharacter_Master:EventGraph.K2Node_VariableGet_91' missing NodeGuid because of upgrade from old package version, this can cause deterministic cooking issues please resave package.
[2016.12.08-19.43.34:461][  0]LogBlueprint:Warning: Node '/Game/MixamoAnimPack/MixamoCharacter_Master.MixamoCharacter_Master:EventGraph.K2Node_VariableGet_93' missing NodeGuid because of upgrade from old package version, this can cause deterministic cooking issues please resave package.
[2016.12.08-19.43.34:461][  0]LogBlueprint:Warning: Node '/Game/MixamoAnimPack/MixamoCharacter_Master.MixamoCharacter_Master:EventGraph.K2Node_VariableSet_1333' missing NodeGuid because of upgrade from old package version, this can cause deterministic cooking issues please resave package.
[2016.12.08-19.43.34:461][  0]LogBlueprint:Warning: Node '/Game/MixamoAnimPack/MixamoCharacter_Master.MixamoCharacter_Master:EventGraph.K2Node_VariableSet_1684' missing NodeGuid because of upgrade from old package version, this can cause deterministic cooking issues please resave package.
[2016.12.08-19.43.34:461][  0]LogBlueprint:Warning: Node '/Game/MixamoAnimPack/MixamoCharacter_Master.MixamoCharacter_Master:EventGraph.K2Node_VariableSet_1685' missing NodeGuid because of upgrade from old package version, this can cause deterministic cooking issues please resave package.
[2016.12.08-19.43.34:461][  0]LogBlueprint:Warning: Node '/Game/MixamoAnimPack/MixamoCharacter_Master.MixamoCharacter_Master:EventGraph.K2Node_VariableSet_660' missing NodeGuid because of upgrade from old package version, this can cause deterministic cooking issues please resave package.
[2016.12.08-19.43.34:461][  0]LogBlueprint:Warning: Node '/Game/MixamoAnimPack/MixamoCharacter_Master.MixamoCharacter_Master:EventGraph.K2Node_VariableSet_803' missing NodeGuid because of upgrade from old package version, this can cause deterministic cooking issues please resave package.
[2016.12.08-19.43.34:461][  0]LogBlueprint:Warning: Node '/Game/MixamoAnimPack/MixamoCharacter_Master.MixamoCharacter_Master:EventGraph.K2Node_VariableSet_850' missing NodeGuid because of upgrade from old package version, this can cause deterministic cooking issues please resave package.
[2016.12.08-19.43.34:952][  0]LogAIModule: Creating AISystem for world ThirdPersonExampleMap
[2016.12.08-19.43.35:293][  0]LogEditorServer: Finished looking for orphan Actors (0.000 secs)
[2016.12.08-19.43.35:294][  0]Cmd: MAP CHECKDEP NOCLEARLOG
[2016.12.08-19.43.35:371][  0]MapCheck: Info Map check complete: 0 Error(s), 0 Warning(s), took 75.141ms to complete.
[2016.12.08-19.43.35:371][  0]LogFileHelpers: Loading map 'ThirdPersonExampleMap' took 13.028
[2016.12.08-19.43.35:757][  0]LogCollectionManager: Loaded 0 collections in 0.002134 seconds
[2016.12.08-19.43.35:802][  0]LogFileCache: Scanning file cache for directory 'C:/Users/Estudiante/Documents/Unreal Projects/proyecto2/Saved/Collections/' took 0.01s
[2016.12.08-19.43.35:802][  0]LogFileCache: Scanning file cache for directory 'C:/Users/Estudiante/Documents/Unreal Projects/proyecto2/Content/Developers/Estudiante/Collections/' took 0.01s
[2016.12.08-19.43.35:802][  0]LogFileCache: Scanning file cache for directory 'C:/Users/Estudiante/Documents/Unreal Projects/proyecto2/Content/Collections/' took 0.01s
[2016.12.08-19.43.35:802][  0]LogCollectionManager: Rebuilt the GUID cache for 0 collections in 0.000005 seconds
[2016.12.08-19.43.35:819][  0]LogContentBrowser: Native class hierarchy populated in 0.0169 seconds. Added 2047 classes and 369 folders.
[2016.12.08-19.43.35:824][  0]LogStats: UGameplayTagsManager::ConstructGameplayTagTree: Construct from data asset -  0.000 s
[2016.12.08-19.43.35:824][  0]LogStats: UGameplayTagsManager::ConstructGameplayTagTree: GameplayTagTreeChangedEvent.Broadcast -  0.000 s
[2016.12.08-19.43.35:825][  0]LogContentBrowser: Native class hierarchy updated for 'GameplayTags' in 0.0008 seconds. Added 12 classes and 0 folders.
[2016.12.08-19.43.35:830][  0]LogContentBrowser: Native class hierarchy updated for 'WidgetCarousel' in 0.0004 seconds. Added 0 classes and 0 folders.
[2016.12.08-19.43.38:005][  0]LogContentBrowser: Native class hierarchy updated for 'AddContentDialog' in 0.0010 seconds. Added 0 classes and 0 folders.
[2016.12.08-19.43.38:012][  0]LogContentBrowser: Native class hierarchy updated for 'SceneOutliner' in 0.0005 seconds. Added 1 classes and 2 folders.
[2016.12.08-19.43.38:056][  0]LogCrashTracker: Crashtracker disabled due to settings.
[2016.12.08-19.43.38:062][  0]LogUObjectGlobals:Warning: Failed to find object 'Class None.'
[2016.12.08-19.43.38:089][  0]LogContentBrowser: Native class hierarchy updated for 'HierarchicalLODOutliner' in 0.0004 seconds. Added 1 classes and 2 folders.
[2016.12.08-19.43.38:089][  0]LogLoad: Full Startup: 50.48 seconds (BP compile: 0.28 seconds)
[2016.12.08-19.43.38:089][  0]LogExternalProfiler: Found external profiler: VSPerf
[2016.12.08-19.43.38:089][  0]LogExternalProfiler: Using external profiler: VSPerf
[2016.12.08-19.43.38:097][  0]LogOcInput: OculusInput pre-init called
[2016.12.08-19.43.38:119][  0]LogContentStreaming: Texture pool size now 1000 MB
[2016.12.08-19.43.38:699][  0]LogRenderer: Reallocating scene render targets to support 588x304 (Frame:2).
[2016.12.08-19.43.39:337][  2]LogAssetRegistry: Asset discovery search completed in 40.7605 seconds
[2016.12.08-19.43.39:338][  2]LogCollectionManager: Rebuilt the object cache for 0 collections in 0.000001 seconds (found 0 objects)
[2016.12.08-19.43.39:338][  2]LogCollectionManager: Fixed up redirectors for 0 collections in 0.000038 seconds (updated 0 objects)
[2016.12.08-19.43.44:932][134]LogRenderer: Reallocating scene render targets to support 592x304 (Frame:135).
[2016.12.08-19.43.45:018][134]LogRenderer: Reallocating scene render targets to support 636x304 (Frame:137).
[2016.12.08-19.43.45:126][136]LogRenderer: Reallocating scene render targets to support 768x304 (Frame:139).
[2016.12.08-19.43.45:389][140]LogRenderer: Reallocating scene render targets to support 772x304 (Frame:143).
[2016.12.08-19.44.30:893][ 11]LogBlueprintUserMessages: Early PlayInEditor Detection: Level '/Game/ThirdPersonBP/Maps/ThirdPersonExampleMap.ThirdPersonExampleMap:PersistentLevel' has LevelScriptBlueprint '/Game/ThirdPersonBP/Maps/ThirdPersonExampleMap.ThirdPersonExampleMap:PersistentLevel.ThirdPersonExampleMap' with GeneratedClass '/Game/ThirdPersonBP/Maps/ThirdPersonExampleMap.ThirdPersonExampleMap_C' with ClassGeneratedBy '/Game/ThirdPersonBP/Maps/ThirdPersonExampleMap.ThirdPersonExampleMap:PersistentLevel.ThirdPersonExampleMap'
[2016.12.08-19.44.30:893][ 11]LogPlayLevel: PlayLevel: No blueprints needed recompiling
[2016.12.08-19.44.30:909][ 11]PIE: New page: PIE session: ThirdPersonExampleMap (Dec 8, 2016, 9:44:30 AM)
[2016.12.08-19.44.30:909][ 11]LogPlayLevel: Creating play world package: /Game/ThirdPersonBP/Maps/UEDPIE_0_ThirdPersonExampleMap
[2016.12.08-19.44.30:951][ 11]LogPlayLevel: PIE: StaticDuplicateObject took: (0.041490s)
[2016.12.08-19.44.30:952][ 11]LogAIModule: Creating AISystem for world ThirdPersonExampleMap
[2016.12.08-19.44.30:952][ 11]LogPlayLevel: PIE: World Init took: (0.001626s)
[2016.12.08-19.44.30:953][ 11]LogPlayLevel: PIE: Created PIE world by copying editor world from /Game/ThirdPersonBP/Maps/ThirdPersonExampleMap.ThirdPersonExampleMap to /Game/ThirdPersonBP/Maps/UEDPIE_0_ThirdPersonExampleMap.ThirdPersonExampleMap (0.043451s)
[2016.12.08-19.44.31:076][ 11]LogWorld: Game class is 'ThirdPersonGameMode_C'
[2016.12.08-19.44.31:094][ 11]LogWorld: Bringing World /Game/ThirdPersonBP/Maps/UEDPIE_0_ThirdPersonExampleMap.ThirdPersonExampleMap up for play (max tick rate 0) at 2016.12.08-14.44.31
[2016.12.08-19.44.31:096][ 11]LogWorld: Bringing up level for play took: 0.019030
[2016.12.08-19.44.31:105][ 11]LogContentBrowser: Native class hierarchy updated for 'MovieSceneCapture' in 0.0009 seconds. Added 11 classes and 0 folders.
[2016.12.08-19.44.31:106][ 11]PIE: Info Play in editor start time for /Game/ThirdPersonBP/Maps/UEDPIE_0_ThirdPersonExampleMap 1.21
[2016.12.08-19.44.31:106][ 11]LogBlueprintUserMessages: Late PlayInEditor Detection: Level '/Game/ThirdPersonBP/Maps/ThirdPersonExampleMap.ThirdPersonExampleMap:PersistentLevel' has LevelScriptBlueprint '/Game/ThirdPersonBP/Maps/ThirdPersonExampleMap.ThirdPersonExampleMap:PersistentLevel.ThirdPersonExampleMap' with GeneratedClass '/Game/ThirdPersonBP/Maps/ThirdPersonExampleMap.ThirdPersonExampleMap_C' with ClassGeneratedBy '/Game/ThirdPersonBP/Maps/ThirdPersonExampleMap.ThirdPersonExampleMap:PersistentLevel.ThirdPersonExampleMap'
[2016.12.08-19.44.46:408][387]LogBlueprintUserMessages: Early EndPlayMap Detection: Level '/Game/ThirdPersonBP/Maps/ThirdPersonExampleMap.ThirdPersonExampleMap:PersistentLevel' has LevelScriptBlueprint '/Game/ThirdPersonBP/Maps/ThirdPersonExampleMap.ThirdPersonExampleMap:PersistentLevel.ThirdPersonExampleMap' with GeneratedClass '/Game/ThirdPersonBP/Maps/ThirdPersonExampleMap.ThirdPersonExampleMap_C' with ClassGeneratedBy '/Game/ThirdPersonBP/Maps/ThirdPersonExampleMap.ThirdPersonExampleMap:PersistentLevel.ThirdPersonExampleMap'
[2016.12.08-19.44.46:530][387]LogBlueprintUserMessages: Late EndPlayMap Detection: Level '/Game/ThirdPersonBP/Maps/ThirdPersonExampleMap.ThirdPersonExampleMap:PersistentLevel' has LevelScriptBlueprint '/Game/ThirdPersonBP/Maps/ThirdPersonExampleMap.ThirdPersonExampleMap:PersistentLevel.ThirdPersonExampleMap' with GeneratedClass '/Game/ThirdPersonBP/Maps/ThirdPersonExampleMap.ThirdPersonExampleMap_C' with ClassGeneratedBy '/Game/ThirdPersonBP/Maps/ThirdPersonExampleMap.ThirdPersonExampleMap:PersistentLevel.ThirdPersonExampleMap'
[2016.12.08-19.44.51:214][426]LogBlueprintUserMessages: Early PlayInEditor Detection: Level '/Game/ThirdPersonBP/Maps/ThirdPersonExampleMap.ThirdPersonExampleMap:PersistentLevel' has LevelScriptBlueprint '/Game/ThirdPersonBP/Maps/ThirdPersonExampleMap.ThirdPersonExampleMap:PersistentLevel.ThirdPersonExampleMap' with GeneratedClass '/Game/ThirdPersonBP/Maps/ThirdPersonExampleMap.ThirdPersonExampleMap_C' with ClassGeneratedBy '/Game/ThirdPersonBP/Maps/ThirdPersonExampleMap.ThirdPersonExampleMap:PersistentLevel.ThirdPersonExampleMap'
[2016.12.08-19.44.51:214][426]LogPlayLevel: PlayLevel: No blueprints needed recompiling
[2016.12.08-19.44.51:214][426]PIE: New page: PIE session: ThirdPersonExampleMap (Dec 8, 2016, 9:44:51 AM)
[2016.12.08-19.44.51:214][426]LogPlayLevel: Creating play world package: /Game/ThirdPersonBP/Maps/UEDPIE_0_ThirdPersonExampleMap
[2016.12.08-19.44.51:255][426]LogPlayLevel: PIE: StaticDuplicateObject took: (0.040627s)
[2016.12.08-19.44.51:256][426]LogAIModule: Creating AISystem for world ThirdPersonExampleMap
[2016.12.08-19.44.51:256][426]LogPlayLevel: PIE: World Init took: (0.001146s)
[2016.12.08-19.44.51:256][426]LogPlayLevel: PIE: Created PIE world by copying editor world from /Game/ThirdPersonBP/Maps/ThirdPersonExampleMap.ThirdPersonExampleMap to /Game/ThirdPersonBP/Maps/UEDPIE_0_ThirdPersonExampleMap.ThirdPersonExampleMap (0.042154s)
[2016.12.08-19.44.51:310][426]LogWorld: Game class is 'ThirdPersonGameMode_C'
[2016.12.08-19.44.51:321][426]LogWorld: Bringing World /Game/ThirdPersonBP/Maps/UEDPIE_0_ThirdPersonExampleMap.ThirdPersonExampleMap up for play (max tick rate 0) at 2016.12.08-14.44.51
[2016.12.08-19.44.51:322][426]LogWorld: Bringing up level for play took: 0.010588
[2016.12.08-19.44.51:323][426]PIE: Info Play in editor start time for /Game/ThirdPersonBP/Maps/UEDPIE_0_ThirdPersonExampleMap -0.572
[2016.12.08-19.44.51:323][426]LogBlueprintUserMessages: Late PlayInEditor Detection: Level '/Game/ThirdPersonBP/Maps/ThirdPersonExampleMap.ThirdPersonExampleMap:PersistentLevel' has LevelScriptBlueprint '/Game/ThirdPersonBP/Maps/ThirdPersonExampleMap.ThirdPersonExampleMap:PersistentLevel.ThirdPersonExampleMap' with GeneratedClass '/Game/ThirdPersonBP/Maps/ThirdPersonExampleMap.ThirdPersonExampleMap_C' with ClassGeneratedBy '/Game/ThirdPersonBP/Maps/ThirdPersonExampleMap.ThirdPersonExampleMap:PersistentLevel.ThirdPersonExampleMap'
[2016.12.08-19.45.06:033][860]LogBlueprintUserMessages: Early EndPlayMap Detection: Level '/Game/ThirdPersonBP/Maps/ThirdPersonExampleMap.ThirdPersonExampleMap:PersistentLevel' has LevelScriptBlueprint '/Game/ThirdPersonBP/Maps/ThirdPersonExampleMap.ThirdPersonExampleMap:PersistentLevel.ThirdPersonExampleMap' with GeneratedClass '/Game/ThirdPersonBP/Maps/ThirdPersonExampleMap.ThirdPersonExampleMap_C' with ClassGeneratedBy '/Game/ThirdPersonBP/Maps/ThirdPersonExampleMap.ThirdPersonExampleMap:PersistentLevel.ThirdPersonExampleMap'
[2016.12.08-19.45.06:087][860]LogBlueprintUserMessages: Late EndPlayMap Detection: Level '/Game/ThirdPersonBP/Maps/ThirdPersonExampleMap.ThirdPersonExampleMap:PersistentLevel' has LevelScriptBlueprint '/Game/ThirdPersonBP/Maps/ThirdPersonExampleMap.ThirdPersonExampleMap:PersistentLevel.ThirdPersonExampleMap' with GeneratedClass '/Game/ThirdPersonBP/Maps/ThirdPersonExampleMap.ThirdPersonExampleMap_C' with ClassGeneratedBy '/Game/ThirdPersonBP/Maps/ThirdPersonExampleMap.ThirdPersonExampleMap:PersistentLevel.ThirdPersonExampleMap'
[2016.12.08-19.45.07:178][898]LogEditorViewport: Clicking on Actor (LMB): TriggerBox (TriggerBox2)
[2016.12.08-19.45.11:882][ 24]LogEditorViewport: Clicking on Actor (LMB): Emitter (P_Fire)
[2016.12.08-19.45.15:307][ 99]LogText:Warning: Failed to parse argument "GameModeName" as a number (using "0" as a fallback). Please check your format string for errors: "GameMode: Edit {GameModeName}".
[2016.12.08-19.45.15:835][110]LogText:Warning: Failed to parse argument "RootClass" as a number (using "0" as a fallback). Please check your format string for errors: "Select {RootClass} Class".
[2016.12.08-19.45.15:835][110]LogText:Warning: Failed to parse argument "GameStateName" as a number (using "0" as a fallback). Please check your format string for errors: "GameState: {GameStateName}".
[2016.12.08-19.45.15:836][110]LogText:Warning: Failed to parse argument "PawnName" as a number (using "0" as a fallback). Please check your format string for errors: "Pawn: Edit {PawnName}".
[2016.12.08-19.45.15:836][110]LogText:Warning: Failed to parse argument "HUDName" as a number (using "0" as a fallback). Please check your format string for errors: "HUD: {HUDName}".
[2016.12.08-19.45.15:836][110]LogText:Warning: Failed to parse argument "PlayerControllerName" as a number (using "0" as a fallback). Please check your format string for errors: "PlayerController: {PlayerControllerName}".
[2016.12.08-19.45.17:963][143]LogContentBrowser: Native class hierarchy updated for 'BlueprintGraph' in 0.0009 seconds. Added 111 classes and 0 folders.
[2016.12.08-19.45.25:251][635]LogBlueprintUserMessages: Early PlayInEditor Detection: Level '/Game/ThirdPersonBP/Maps/ThirdPersonExampleMap.ThirdPersonExampleMap:PersistentLevel' has LevelScriptBlueprint '/Game/ThirdPersonBP/Maps/ThirdPersonExampleMap.ThirdPersonExampleMap:PersistentLevel.ThirdPersonExampleMap' with GeneratedClass '/Game/ThirdPersonBP/Maps/ThirdPersonExampleMap.ThirdPersonExampleMap_C' with ClassGeneratedBy '/Game/ThirdPersonBP/Maps/ThirdPersonExampleMap.ThirdPersonExampleMap:PersistentLevel.ThirdPersonExampleMap'
[2016.12.08-19.45.25:251][635]LogPlayLevel: PlayLevel: No blueprints needed recompiling
[2016.12.08-19.45.25:251][635]PIE: New page: PIE session: ThirdPersonExampleMap (Dec 8, 2016, 9:45:25 AM)
[2016.12.08-19.45.25:251][635]LogPlayLevel: Creating play world package: /Game/ThirdPersonBP/Maps/UEDPIE_0_ThirdPersonExampleMap
[2016.12.08-19.45.25:293][635]LogPlayLevel: PIE: StaticDuplicateObject took: (0.041788s)
[2016.12.08-19.45.25:294][635]LogAIModule: Creating AISystem for world ThirdPersonExampleMap
[2016.12.08-19.45.25:294][635]LogPlayLevel: PIE: World Init took: (0.000980s)
[2016.12.08-19.45.25:294][635]LogPlayLevel: PIE: Created PIE world by copying editor world from /Game/ThirdPersonBP/Maps/ThirdPersonExampleMap.ThirdPersonExampleMap to /Game/ThirdPersonBP/Maps/UEDPIE_0_ThirdPersonExampleMap.ThirdPersonExampleMap (0.043099s)
[2016.12.08-19.45.25:381][635]LogWorld: Game class is 'ThirdPersonGameMode_C'
[2016.12.08-19.45.25:398][635]LogWorld: Bringing World /Game/ThirdPersonBP/Maps/UEDPIE_0_ThirdPersonExampleMap.ThirdPersonExampleMap up for play (max tick rate 0) at 2016.12.08-14.45.25
[2016.12.08-19.45.25:400][635]LogWorld: Bringing up level for play took: 0.016604
[2016.12.08-19.45.25:402][635]PIE: Info Play in editor start time for /Game/ThirdPersonBP/Maps/UEDPIE_0_ThirdPersonExampleMap -0.494
[2016.12.08-19.45.25:413][635]LogBlueprintUserMessages: Late PlayInEditor Detection: Level '/Game/ThirdPersonBP/Maps/ThirdPersonExampleMap.ThirdPersonExampleMap:PersistentLevel' has LevelScriptBlueprint '/Game/ThirdPersonBP/Maps/ThirdPersonExampleMap.ThirdPersonExampleMap:PersistentLevel.ThirdPersonExampleMap' with GeneratedClass '/Game/ThirdPersonBP/Maps/ThirdPersonExampleMap.ThirdPersonExampleMap_C' with ClassGeneratedBy '/Game/ThirdPersonBP/Maps/ThirdPersonExampleMap.ThirdPersonExampleMap:PersistentLevel.ThirdPersonExampleMap'
[2016.12.08-19.46.21:180][313]LogBlueprintUserMessages: Early EndPlayMap Detection: Level '/Game/ThirdPersonBP/Maps/ThirdPersonExampleMap.ThirdPersonExampleMap:PersistentLevel' has LevelScriptBlueprint '/Game/ThirdPersonBP/Maps/ThirdPersonExampleMap.ThirdPersonExampleMap:PersistentLevel.ThirdPersonExampleMap' with GeneratedClass '/Game/ThirdPersonBP/Maps/ThirdPersonExampleMap.ThirdPersonExampleMap_C' with ClassGeneratedBy '/Game/ThirdPersonBP/Maps/ThirdPersonExampleMap.ThirdPersonExampleMap:PersistentLevel.ThirdPersonExampleMap'
[2016.12.08-19.46.21:270][313]LogBlueprintUserMessages: Late EndPlayMap Detection: Level '/Game/ThirdPersonBP/Maps/ThirdPersonExampleMap.ThirdPersonExampleMap:PersistentLevel' has LevelScriptBlueprint '/Game/ThirdPersonBP/Maps/ThirdPersonExampleMap.ThirdPersonExampleMap:PersistentLevel.ThirdPersonExampleMap' with GeneratedClass '/Game/ThirdPersonBP/Maps/ThirdPersonExampleMap.ThirdPersonExampleMap_C' with ClassGeneratedBy '/Game/ThirdPersonBP/Maps/ThirdPersonExampleMap.ThirdPersonExampleMap:PersistentLevel.ThirdPersonExampleMap'
[2016.12.08-19.46.22:508][336]LogWindowsTextInputMethodSystem:Display: IME system now deactivated.
[2016.12.08-19.46.22:678][337]Cmd: QUIT_EDITOR
[2016.12.08-19.46.22:952][337]LogExit: Preparing to exit.
[2016.12.08-19.46.23:917][337]LogExit: Editor shut down
[2016.12.08-19.46.23:917][337]LogExit: Transaction tracking system shut down
[2016.12.08-19.46.24:061][337]LogObj: Freed 0b from 0 cluster array pools.
[2016.12.08-19.46.24:061][337]LogExit: Object subsystem successfully closed.
[2016.12.08-19.46.24:071][337]LogD3D11RHI: Shutdown
[2016.12.08-19.46.24:071][337]LogD3D11RHI: CleanupD3DDevice
[2016.12.08-19.46.24:136][337]LogD3D11RHI: ~FD3D11DynamicRHI
[2016.12.08-19.46.24:157][337]LogModuleManager: Shutting down and abandoning module BlueprintGraph (215)
[2016.12.08-19.46.24:157][337]LogModuleManager: Shutting down and abandoning module MovieSceneCapture (214)
[2016.12.08-19.46.24:157][337]LogModuleManager: Shutting down and abandoning module HierarchicalLODOutliner (213)
[2016.12.08-19.46.24:157][337]LogModuleManager: Shutting down and abandoning module CrashTracker (212)
[2016.12.08-19.46.24:157][337]LogModuleManager: Shutting down and abandoning module SceneOutliner (211)
[2016.12.08-19.46.24:157][337]LogModuleManager: Shutting down and abandoning module WidgetCarousel (210)
[2016.12.08-19.46.24:157][337]LogModuleManager: Shutting down and abandoning module AddContentDialog (209)
[2016.12.08-19.46.24:159][337]LogModuleManager: Shutting down and abandoning module GameplayTags (208)
[2016.12.08-19.46.24:159][337]LogModuleManager: Shutting down and abandoning module EditorWidgets (207)
[2016.12.08-19.46.24:159][337]LogModuleManager: Shutting down and abandoning module CollectionManager (206)
[2016.12.08-19.46.24:159][337]LogModuleManager: Shutting down and abandoning module StatsViewer (205)
[2016.12.08-19.46.24:159][337]LogModuleManager: Shutting down and abandoning module FoliageEdit (204)
[2016.12.08-19.46.24:159][337]LogModuleManager: Shutting down and abandoning module LandscapeEditor (203)
[2016.12.08-19.46.24:159][337]LogModuleManager: Shutting down and abandoning module SceneDepthPickerMode (202)
[2016.12.08-19.46.24:159][337]LogModuleManager: Shutting down and abandoning module ActorPickerMode (201)
[2016.12.08-19.46.24:159][337]LogModuleManager: Shutting down and abandoning module GeometryMode (200)
[2016.12.08-19.46.24:159][337]LogModuleManager: Shutting down and abandoning module TextureAlignMode (199)
[2016.12.08-19.46.24:159][337]LogModuleManager: Shutting down and abandoning module BspMode (198)
[2016.12.08-19.46.24:159][337]LogModuleManager: Shutting down and abandoning module HardwareSurvey (197)
[2016.12.08-19.46.24:159][337]LogModuleManager: Shutting down and abandoning module SequenceRecorderSections (196)
[2016.12.08-19.46.24:159][337]LogModuleManager: Shutting down and abandoning module SequenceRecorder (195)
[2016.12.08-19.46.24:159][337]LogModuleManager: Shutting down and abandoning module AutomationWorker (194)
[2016.12.08-19.46.24:159][337]LogModuleManager: Shutting down and abandoning module MatineeToLevelSequence (193)
[2016.12.08-19.46.24:159][337]LogModuleManager: Shutting down and abandoning module PlacementMode (192)
[2016.12.08-19.46.24:159][337]LogModuleManager: Shutting down and abandoning module LevelSequenceEditor (191)
[2016.12.08-19.46.24:160][337]LogModuleManager: Shutting down and abandoning module CharacterAI (190)
[2016.12.08-19.46.24:160][337]LogModuleManager: Shutting down and abandoning module SmartSnapping (189)
[2016.12.08-19.46.24:160][337]LogModuleManager: Shutting down and abandoning module SessionServices (188)
[2016.12.08-19.46.24:160][337]LogModuleManager: Shutting down and abandoning module ViewportSnapping (187)
[2016.12.08-19.46.24:160][337]LogModuleManager: Shutting down and abandoning module LogVisualizer (186)
[2016.12.08-19.46.24:160][337]LogModuleManager: Shutting down and abandoning module GameProjectGeneration (185)
[2016.12.08-19.46.24:160][337]LogModuleManager: Shutting down and abandoning module IntroTutorials (184)
[2016.12.08-19.46.24:160][337]LogModuleManager: Shutting down and abandoning module EditorLiveStreaming (183)
[2016.12.08-19.46.24:160][337]LogModuleManager: Shutting down and abandoning module IOSPlatformEditor (182)
[2016.12.08-19.46.24:160][337]LogModuleManager: Shutting down and abandoning module HTML5PlatformEditor (181)
[2016.12.08-19.46.24:160][337]LogModuleManager: Shutting down and abandoning module AndroidDeviceDetection (180)
[2016.12.08-19.46.24:459][337]LogModuleManager: Shutting down and abandoning module AndroidPlatformEditor (179)
[2016.12.08-19.46.24:459][337]LogModuleManager: Shutting down and abandoning module IOSRuntimeSettings (178)
[2016.12.08-19.46.24:459][337]LogModuleManager: Shutting down and abandoning module AndroidRuntimeSettings (177)
[2016.12.08-19.46.24:459][337]LogModuleManager: Shutting down and abandoning module MergeActors (176)
[2016.12.08-19.46.24:459][337]LogModuleManager: Shutting down and abandoning module SizeMap (175)
[2016.12.08-19.46.24:459][337]LogModuleManager: Shutting down and abandoning module TreeMap (174)
[2016.12.08-19.46.24:459][337]LogModuleManager: Shutting down and abandoning module ReferenceViewer (173)
[2016.12.08-19.46.24:459][337]LogModuleManager: Shutting down and abandoning module LocalizationService (172)
[2016.12.08-19.46.24:459][337]LogModuleManager: Shutting down and abandoning module LocalizationDashboard (171)
[2016.12.08-19.46.24:459][337]LogModuleManager: Shutting down and abandoning module HardwareTargeting (170)
[2016.12.08-19.46.24:460][337]LogModuleManager: Shutting down and abandoning module DeviceProfileEditor (169)
[2016.12.08-19.46.24:460][337]LogModuleManager: Shutting down and abandoning module UndoHistory (168)
[2016.12.08-19.46.24:460][337]LogModuleManager: Shutting down and abandoning module UserFeedback (167)
[2016.12.08-19.46.24:460][337]LogModuleManager: Shutting down and abandoning module XmlParser (166)
[2016.12.08-19.46.24:460][337]LogModuleManager: Shutting down and abandoning module Blutility (165)
[2016.12.08-19.46.24:460][337]LogModuleManager: Shutting down and abandoning module ProjectTargetPlatformEditor (164)
[2016.12.08-19.46.24:460][337]LogModuleManager: Shutting down and abandoning module ProjectSettingsViewer (163)
[2016.12.08-19.46.24:460][337]LogModuleManager: Shutting down and abandoning module InputBindingEditor (162)
[2016.12.08-19.46.24:460][337]LogModuleManager: Shutting down and abandoning module EditorSettingsViewer (161)
[2016.12.08-19.46.24:460][337]LogModuleManager: Shutting down and abandoning module SettingsEditor (160)
[2016.12.08-19.46.24:460][337]LogModuleManager: Shutting down and abandoning module ProjectLauncher (159)
[2016.12.08-19.46.24:460][337]LogModuleManager: Shutting down and abandoning module SessionFrontend (158)
[2016.12.08-19.46.24:460][337]LogModuleManager: Shutting down and abandoning module ProfilerClient (157)
[2016.12.08-19.46.24:460][337]LogModuleManager: Shutting down and abandoning module TargetDeviceServices (156)
[2016.12.08-19.46.24:460][337]LogModuleManager: Shutting down and abandoning module DeviceManager (155)
[2016.12.08-19.46.24:514][337]LogModuleManager: Shutting down and abandoning module AutomationController (154)
[2016.12.08-19.46.24:514][337]LogModuleManager: Shutting down and abandoning module AutomationWindow (153)
[2016.12.08-19.46.24:514][337]LogModuleManager: Shutting down and abandoning module Layers (152)
[2016.12.08-19.46.24:514][337]LogModuleManager: Shutting down and abandoning module ComponentVisualizers (151)
[2016.12.08-19.46.24:514][337]LogModuleManager: Shutting down and abandoning module DetailCustomizations (150)
[2016.12.08-19.46.24:514][337]LogModuleManager: Shutting down and abandoning module PackagesDialog (149)
[2016.12.08-19.46.24:514][337]LogModuleManager: Shutting down and abandoning module Persona (148)
[2016.12.08-19.46.24:514][337]LogModuleManager: Shutting down and abandoning module Kismet (147)
[2016.12.08-19.46.24:514][337]LogModuleManager: Shutting down and abandoning module GraphEditor (146)
[2016.12.08-19.46.24:514][337]LogModuleManager: Shutting down and abandoning module ClassViewer (145)
[2016.12.08-19.46.24:514][337]LogModuleManager: Shutting down and abandoning module Toolbox (144)
[2016.12.08-19.46.24:514][337]LogModuleManager: Shutting down and abandoning module ModuleUI (143)
[2016.12.08-19.46.24:514][337]LogModuleManager: Shutting down and abandoning module MovieSceneTools (142)
[2016.12.08-19.46.24:514][337]LogModuleManager: Shutting down and abandoning module OutputLog (141)
[2016.12.08-19.46.24:514][337]LogModuleManager: Shutting down and abandoning module GammaUI (140)
[2016.12.08-19.46.24:514][337]LogModuleManager: Shutting down and abandoning module Documentation (139)
[2016.12.08-19.46.24:514][337]LogModuleManager: Shutting down and abandoning module StreamingPauseRendering (138)
[2016.12.08-19.46.24:514][337]LogModuleManager: Shutting down and abandoning module AnalyticsET (137)
[2016.12.08-19.46.24:514][337]LogModuleManager: Shutting down and abandoning module Analytics (136)
[2016.12.08-19.46.24:514][337]LogModuleManager: Shutting down and abandoning module PortalServices (135)
[2016.12.08-19.46.24:514][337]LogModuleManager: Shutting down and abandoning module PortalRpc (134)
[2016.12.08-19.46.24:514][337]LogModuleManager: Shutting down and abandoning module MessagingRpc (133)
[2016.12.08-19.46.24:514][337]LogModuleManager: Shutting down and abandoning module GameplayDebugger (132)
[2016.12.08-19.46.24:514][337]LogModuleManager: Shutting down and abandoning module AITestSuite (131)
[2016.12.08-19.46.24:514][337]LogModuleManager: Shutting down and abandoning module AIModule (130)
[2016.12.08-19.46.24:515][337]LogModuleManager: Shutting down and abandoning module ProfilerService (129)
[2016.12.08-19.46.24:657][337]LogModuleManager: Shutting down and abandoning module TaskGraph (128)
[2016.12.08-19.46.24:657][337]LogModuleManager: Shutting down and abandoning module SlateRemote (127)
[2016.12.08-19.46.24:658][337]LogModuleManager: Shutting down and abandoning module SteamVRController (126)
[2016.12.08-19.46.24:658][337]LogModuleManager: Shutting down and abandoning module SteamVR (125)
[2016.12.08-19.46.24:658][337]LogModuleManager: Shutting down and abandoning module ProceduralMeshComponent (124)
[2016.12.08-19.46.24:658][337]LogModuleManager: Shutting down and abandoning module OculusLibrary (123)
[2016.12.08-19.46.24:658][337]LogModuleManager: Shutting down and abandoning module OculusInput (122)
[2016.12.08-19.46.24:658][337]LogModuleManager: Shutting down and abandoning module CustomMeshComponent (121)
[2016.12.08-19.46.24:658][337]LogModuleManager: Shutting down and abandoning module CableComponent (120)
[2016.12.08-19.46.24:658][337]LogModuleManager: Shutting down and abandoning module ArchVisCharacter (119)
[2016.12.08-19.46.24:658][337]LogModuleManager: Shutting down and abandoning module MediaPlayerEditor (118)
[2016.12.08-19.46.24:658][337]LogModuleManager: Shutting down and abandoning module HTML5Networking (117)
[2016.12.08-19.46.24:658][337]LogModuleManager: Shutting down and abandoning module SuperSearch (116)
[2016.12.08-19.46.24:658][337]LogModuleManager: Shutting down and abandoning module SuperSearchEditor (115)
[2016.12.08-19.46.24:658][337]LogModuleManager: Shutting down and abandoning module SpeedTreeImporter (114)
[2016.12.08-19.46.24:658][337]LogModuleManager: Shutting down and abandoning module PluginBrowser (113)
[2016.12.08-19.46.24:658][337]LogModuleManager: Shutting down and abandoning module EpicSurvey (112)
[2016.12.08-19.46.24:658][337]LogModuleManager: Shutting down and abandoning module DesktopPlatform (111)
[2016.12.08-19.46.24:658][337]LogModuleManager: Shutting down and abandoning module VisualStudioSourceCodeAccess (110)
[2016.12.08-19.46.24:658][337]LogModuleManager: Shutting down and abandoning module UObjectPlugin (109)
[2016.12.08-19.46.24:658][337]LogModuleManager: Shutting down and abandoning module SubversionSourceControl (108)
[2016.12.08-19.46.24:658][337]LogModuleManager: Shutting down and abandoning module PerforceSourceControl (107)
[2016.12.08-19.46.24:658][337]LogModuleManager: Shutting down and abandoning module SourceControl (106)
[2016.12.08-19.46.24:658][337]LogModuleManager: Shutting down and abandoning module GitSourceControl (105)
[2016.12.08-19.46.24:658][337]LogModuleManager: Shutting down and abandoning module LightPropagationVolumeEditor (104)
[2016.12.08-19.46.24:658][337]LogModuleManager: Shutting down and abandoning module PaperTiledImporter (103)
[2016.12.08-19.46.24:658][337]LogModuleManager: Shutting down and abandoning module PaperSpriteSheetImporter (102)
[2016.12.08-19.46.24:658][337]LogModuleManager: Shutting down and abandoning module MeshPaint (101)
[2016.12.08-19.46.24:658][337]LogModuleManager: Shutting down and abandoning module PixelInspectorModule (100)
[2016.12.08-19.46.24:658][337]LogModuleManager: Shutting down and abandoning module HotReload (99)
[2016.12.08-19.46.24:659][337]LogModuleManager: Shutting down and abandoning module MainFrame (98)
[2016.12.08-19.46.24:659][337]LogModuleManager: Shutting down and abandoning module LevelEditor (97)
[2016.12.08-19.46.24:660][337]LogModuleManager: Shutting down and abandoning module ContentBrowser (96)
[2016.12.08-19.46.24:661][337]LogModuleManager: Shutting down and abandoning module Paper2DEditor (95)
[2016.12.08-19.46.24:661][337]LogModuleManager: Shutting down and abandoning module UdpMessaging (94)
[2016.12.08-19.46.24:762][337]LogModuleManager: Shutting down and abandoning module LightPropagationVolumeRuntime (93)
[2016.12.08-19.46.24:762][337]LogModuleManager: Shutting down and abandoning module Paper2D (92)
[2016.12.08-19.46.24:762][337]LogModuleManager: Shutting down and abandoning module WindowsMoviePlayer (91)
[2016.12.08-19.46.24:762][337]LogModuleManager: Shutting down and abandoning module Media (90)
[2016.12.08-19.46.24:762][337]LogModuleManager: Shutting down and abandoning module WmfMedia (89)
[2016.12.08-19.46.24:764][337]LogModuleManager: Shutting down and abandoning module MediaAssets (88)
[2016.12.08-19.46.24:764][337]LogModuleManager: Shutting down and abandoning module GameLiveStreaming (87)
[2016.12.08-19.46.24:764][337]LogModuleManager: Shutting down and abandoning module GameplayTagsEditor (86)
[2016.12.08-19.46.24:764][337]LogModuleManager: Shutting down and abandoning module OnlineBlueprintSupport (85)
[2016.12.08-19.46.24:764][337]LogModuleManager: Shutting down and abandoning module VREditor (84)
[2016.12.08-19.46.24:764][337]LogModuleManager: Shutting down and abandoning module GameplayTasksEditor (83)
[2016.12.08-19.46.24:764][337]LogModuleManager: Shutting down and abandoning module PropertyEditor (82)
[2016.12.08-19.46.24:764][337]LogModuleManager: Shutting down and abandoning module BehaviorTreeEditor (81)
[2016.12.08-19.46.24:764][337]LogModuleManager: Shutting down and abandoning module FunctionalTesting (80)
[2016.12.08-19.46.24:764][337]LogModuleManager: Shutting down and abandoning module CollisionAnalyzer (79)
[2016.12.08-19.46.24:764][337]LogModuleManager: Shutting down and abandoning module Sequencer (78)
[2016.12.08-19.46.24:764][337]LogModuleManager: Shutting down and abandoning module WorkspaceMenuStructure (77)
[2016.12.08-19.46.24:764][337]LogModuleManager: Shutting down and abandoning module MessageLog (76)
[2016.12.08-19.46.24:764][337]LogModuleManager: Shutting down and abandoning module AssetTools (75)
[2016.12.08-19.46.24:764][337]LogModuleManager: Shutting down and abandoning module UMGEditor (74)
[2016.12.08-19.46.24:764][337]LogModuleManager: Shutting down and abandoning module UMG (73)
[2016.12.08-19.46.24:764][337]LogModuleManager: Shutting down and abandoning module SlateReflector (72)
[2016.12.08-19.46.24:765][337]LogModuleManager: Shutting down and abandoning module Slate (71)
[2016.12.08-19.46.24:765][337]LogModuleManager: Shutting down and abandoning module EditorStyle (70)
[2016.12.08-19.46.24:768][337]LogModuleManager: Shutting down and abandoning module SourceCodeAccess (69)
[2016.12.08-19.46.24:768][337]LogModuleManager: Shutting down and abandoning module HeadMountedDisplay (68)
[2016.12.08-19.46.24:768][337]LogModuleManager: Shutting down and abandoning module XAudio2 (67)
[2016.12.08-19.46.24:768][337]LogModuleManager: Shutting down and abandoning module Networking (65)
[2016.12.08-19.46.24:768][337]LogModuleManager: Shutting down and abandoning module Core (64)
[2016.12.08-19.46.24:768][337]LogModuleManager: Shutting down and abandoning module DirectoryWatcher (63)
[2016.12.08-19.46.24:768][337]LogModuleManager: Shutting down and abandoning module AssetRegistry (62)
[2016.12.08-19.46.24:971][337]LogModuleManager: Shutting down and abandoning module KismetCompiler (61)
[2016.12.08-19.46.24:971][337]LogModuleManager: Shutting down and abandoning module PhysXFormats (60)
[2016.12.08-19.46.24:971][337]LogModuleManager: Shutting down and abandoning module MeshUtilities (59)
[2016.12.08-19.46.24:971][337]LogModuleManager: Shutting down and abandoning module DerivedDataCache (58)
[2016.12.08-19.46.24:983][337]LogDerivedDataCache: Shutdown
[2016.12.08-19.46.24:983][337]LogModuleManager: Shutting down and abandoning module VulkanShaderFormat (57)
[2016.12.08-19.46.24:983][337]LogModuleManager: Shutting down and abandoning module ShaderFormatOpenGL (56)
[2016.12.08-19.46.24:983][337]LogModuleManager: Shutting down and abandoning module ShaderFormatD3D (55)
[2016.12.08-19.46.24:983][337]LogModuleManager: Shutting down and abandoning module MetalShaderFormat (54)
[2016.12.08-19.46.24:983][337]LogModuleManager: Shutting down and abandoning module TextureFormatUncompressed (53)
[2016.12.08-19.46.24:983][337]LogModuleManager: Shutting down and abandoning module TextureFormatPVR (52)
[2016.12.08-19.46.24:983][337]LogModuleManager: Shutting down and abandoning module TextureFormatIntelISPCTexComp (51)
[2016.12.08-19.46.24:984][337]LogModuleManager: Shutting down and abandoning module TextureFormatDXT (50)
[2016.12.08-19.46.24:984][337]LogModuleManager: Shutting down and abandoning module ImageWrapper (49)
[2016.12.08-19.46.24:984][337]LogModuleManager: Shutting down and abandoning module TextureFormatASTC (48)
[2016.12.08-19.46.24:984][337]LogModuleManager: Shutting down and abandoning module TextureFormatAndroid (47)
[2016.12.08-19.46.24:984][337]LogModuleManager: Shutting down and abandoning module AudioFormatOpus (46)
[2016.12.08-19.46.24:984][337]LogModuleManager: Shutting down and abandoning module AudioFormatOgg (45)
[2016.12.08-19.46.24:984][337]LogModuleManager: Shutting down and abandoning module AudioFormatADPCM (44)
[2016.12.08-19.46.24:984][337]LogModuleManager: Shutting down and abandoning module LinuxTargetPlatform (43)
[2016.12.08-19.46.24:984][337]LogModuleManager: Shutting down and abandoning module LinuxServerTargetPlatform (42)
[2016.12.08-19.46.24:984][337]LogModuleManager: Shutting down and abandoning module LinuxNoEditorTargetPlatform (41)
[2016.12.08-19.46.24:984][337]LogModuleManager: Shutting down and abandoning module TVOSTargetPlatform (40)
[2016.12.08-19.46.24:984][337]LogModuleManager: Shutting down and abandoning module Messaging (39)
[2016.12.08-19.46.24:984][337]LogModuleManager: Shutting down and abandoning module IOSTargetPlatform (38)
[2016.12.08-19.46.24:984][337]LogModuleManager: Shutting down and abandoning module HTML5TargetPlatform (37)
[2016.12.08-19.46.24:984][337]LogModuleManager: Shutting down and abandoning module Android_PVRTCTargetPlatform (36)
[2016.12.08-19.46.24:984][337]LogModuleManager: Shutting down and abandoning module Android_MultiTargetPlatform (35)
[2016.12.08-19.46.24:984][337]LogModuleManager: Shutting down and abandoning module Android_ETC2TargetPlatform (34)
[2016.12.08-19.46.24:984][337]LogModuleManager: Shutting down and abandoning module Android_ETC1TargetPlatform (33)
[2016.12.08-19.46.24:984][337]LogModuleManager: Shutting down and abandoning module Android_DXTTargetPlatform (32)
[2016.12.08-19.46.24:984][337]LogModuleManager: Shutting down and abandoning module Android_ATCTargetPlatform (31)
[2016.12.08-19.46.24:984][337]LogModuleManager: Shutting down and abandoning module Android_ASTCTargetPlatform (30)
[2016.12.08-19.46.24:984][337]LogModuleManager: Shutting down and abandoning module AndroidTargetPlatform (29)
[2016.12.08-19.46.24:984][337]LogModuleManager: Shutting down and abandoning module WindowsTargetPlatform (28)
[2016.12.08-19.46.24:984][337]LogModuleManager: Shutting down and abandoning module WindowsServerTargetPlatform (27)
[2016.12.08-19.46.24:984][337]LogModuleManager: Shutting down and abandoning module WindowsNoEditorTargetPlatform (26)
[2016.12.08-19.46.24:984][337]LogModuleManager: Shutting down and abandoning module WindowsClientTargetPlatform (25)
[2016.12.08-19.46.24:984][337]LogModuleManager: Shutting down and abandoning module AllDesktopTargetPlatform (24)
[2016.12.08-19.46.24:984][337]LogModuleManager: Shutting down and abandoning module TargetPlatform (23)
[2016.12.08-19.46.24:984][337]LogModuleManager: Shutting down and abandoning module InputCore (22)
[2016.12.08-19.46.24:984][337]LogModuleManager: Shutting down and abandoning module Settings (21)
[2016.12.08-19.46.24:984][337]LogModuleManager: Shutting down and abandoning module OnlineSubsystem (19)
[2016.12.08-19.46.24:984][337]LogModuleManager: Shutting down and abandoning module HTTP (18)
[2016.12.08-19.46.26:487][337]LogModuleManager: Shutting down and abandoning module XMPP (17)
[2016.12.08-19.46.26:487][337]LogModuleManager: Shutting down and abandoning module OculusRift (16)
[2016.12.08-19.46.26:487][337]LogModuleManager: Shutting down and abandoning module ExampleDeviceProfileSelector (15)
[2016.12.08-19.46.26:487][337]LogModuleManager: Shutting down and abandoning module TextureCompressor (14)
[2016.12.08-19.46.26:487][337]LogModuleManager: Shutting down and abandoning module ShaderCore (13)
[2016.12.08-19.46.26:487][337]LogModuleManager: Shutting down and abandoning module Landscape (12)
[2016.12.08-19.46.26:487][337]LogModuleManager: Shutting down and abandoning module SlateRHIRenderer (11)
[2016.12.08-19.46.26:489][337]LogModuleManager: Shutting down and abandoning module OpenGLDrv (10)
[2016.12.08-19.46.26:490][337]LogModuleManager: Shutting down and abandoning module D3D11RHI (9)
[2016.12.08-19.46.26:490][337]LogModuleManager: Shutting down and abandoning module AnimGraphRuntime (8)
[2016.12.08-19.46.26:490][337]LogModuleManager: Shutting down and abandoning module Renderer (7)
[2016.12.08-19.46.26:490][337]LogModuleManager: Shutting down and abandoning module Engine (6)
[2016.12.08-19.46.26:490][337]LogModuleManager: Shutting down and abandoning module CoreUObject (5)
[2016.12.08-19.46.26:490][337]LogModuleManager: Shutting down and abandoning module NetworkFile (4)
[2016.12.08-19.46.26:490][337]LogModuleManager: Shutting down and abandoning module StreamingFile (3)
[2016.12.08-19.46.26:490][337]LogModuleManager: Shutting down and abandoning module SandboxFile (2)
[2016.12.08-19.46.26:490][337]LogModuleManager: Shutting down and abandoning module PakFile (1)
[2016.12.08-19.46.26:492][337]LogExit: Exiting.
[2016.12.08-19.46.26:495][337]Log file closed, 12/08/16 14:46:26
